#
# A fatal error has been detected by the Java Runtime Environment:
#
#  EXCEPTION_PRIV_INSTRUCTION (0xc0000096) at pc=0x00000000029259ad, pid=5260, tid=3352
#
# JRE version: Java(TM) SE Runtime Environment (8.0_51-b16) (build 1.8.0_51-b16)
# Java VM: Java HotSpot(TM) 64-Bit Server VM (25.51-b03 mixed mode windows-amd64 compressed oops)
# Problematic frame:
# j  com.sun.tools.javac.comp.Check.<init>(Lcom/sun/tools/javac/util/Context;)V+345
#
# Failed to write core dump. Minidumps are not enabled by default on client versions of Windows
#
# If you would like to submit a bug report, please visit:
#   http://bugreport.java.com/bugreport/crash.jsp
#

---------------  T H R E A D  ---------------

Current thread (0x000000000218f800):  JavaThread "main" [_thread_in_Java, id=3352, stack(0x0000000002550000,0x0000000002650000)]

siginfo: ExceptionCode=0xc0000096

Registers:
RAX=0x0000000000000000, RBX=0x00000000000000e4, RCX=0x0000000000000000, RDX=0x0000000000000000
RSP=0x000000000264da50, RBP=0x000000000264db20, RSI=0x00000000114059b2, RDI=0x0000000000000018
R8 =0x0000000000000061, R9 =0x0000000002182db0, R10=0x0000000000000061, R11=0x000000000264d220
R12=0x0000000000000000, R13=0x000000005d77f85e, R14=0x000000000264db70, R15=0x000000000218f800
RIP=0x00000000029259ad, EFLAGS=0x0000000000010206

Top of Stack: (sp=0x000000000264da50)
0x000000000264da50:   000000000264dab8 000000000218f800
0x000000000264da60:   00000000000000e4 00000000114059b2
0x000000000264da70:   0000000000000000 00000000021c7210
0x000000000264da80:   000000006dc53bf0 00000000000000db
0x000000000264da90:   0000000000000009 0000000000000018
0x000000000264daa0:   00000000114059b2 000000000264db20
0x000000000264dab0:   000000000264dad8 00000000000000e4
0x000000000264dac0:   0000000000000000 00000000d71185b8
0x000000000264dad0:   00000000d6e17eb8 00000000d71185b8
0x000000000264dae0:   000000000264dae0 000000005d77f859
0x000000000264daf0:   000000000264db70 000000005d799ad8
0x000000000264db00:   0000000000000000 000000005d77f950
0x000000000264db10:   0000000000000000 000000000264db68
0x000000000264db20:   000000000264dbc0 0000000002927cc1
0x000000000264db30:   0000000000000000 0000000000000000
0x000000000264db40:   0000000000000000 0000000000000000 

Instructions: (pc=0x00000000029259ad)
0x000000000292598d:   48 b9 f0 b1 a4 6d 00 00 00 00 48 ba 37 59 92 02
0x000000000292599d:   00 00 00 00 4c 8b c4 48 83 e4 f0 e8 13 79 e2 6a
0x00000000029259ad:   f4 66 90 00 00 00 00 00 00 00 00 00 00 00 00 00
0x00000000029259bd:   00 00 00 c0 1a 00 00 00 00 00 00 d8 b1 a4 6d 00 


Register to memory mapping:

RAX=0x0000000000000000 is an unknown value
RBX=0x00000000000000e4 is an unknown value
RCX=0x0000000000000000 is an unknown value
RDX=0x0000000000000000 is an unknown value
RSP=0x000000000264da50 is pointing into the stack for thread: 0x000000000218f800
RBP=0x000000000264db20 is pointing into the stack for thread: 0x000000000218f800
RSI=0x00000000114059b2 is an unknown value
RDI=0x0000000000000018 is an unknown value
R8 =0x0000000000000061 is an unknown value
R9 =0x0000000002182db0 is an unknown value
R10=0x0000000000000061 is an unknown value
R11=0x000000000264d220 is pointing into the stack for thread: 0x000000000218f800
R12=0x0000000000000000 is an unknown value
R13=0x000000005d77f85e is pointing into metadata
R14=0x000000000264db70 is pointing into the stack for thread: 0x000000000218f800
R15=0x000000000218f800 is a thread


Stack: [0x0000000002550000,0x0000000002650000],  sp=0x000000000264da50,  free space=1014k
Native frames: (J=compiled Java code, j=interpreted, Vv=VM code, C=native code)
C  0x00000000029259ad


---------------  P R O C E S S  ---------------

Java Threads: ( => current thread )
  0x00000000588ee800 JavaThread "Service Thread" daemon [_thread_blocked, id=4348, stack(0x0000000059510000,0x0000000059610000)]
  0x0000000058895000 JavaThread "C1 CompilerThread2" daemon [_thread_blocked, id=5860, stack(0x0000000059390000,0x0000000059490000)]
  0x0000000058894000 JavaThread "C2 CompilerThread1" daemon [_thread_in_native, id=3896, stack(0x0000000059020000,0x0000000059120000)]
  0x0000000058892800 JavaThread "C2 CompilerThread0" daemon [_thread_in_native, id=4260, stack(0x00000000591a0000,0x00000000592a0000)]
  0x0000000057596800 JavaThread "Attach Listener" daemon [_thread_blocked, id=2764, stack(0x0000000058ed0000,0x0000000058fd0000)]
  0x0000000057595000 JavaThread "Signal Dispatcher" daemon [_thread_blocked, id=5852, stack(0x0000000058d00000,0x0000000058e00000)]
  0x0000000057539800 JavaThread "Finalizer" daemon [_thread_blocked, id=5744, stack(0x0000000058790000,0x0000000058890000)]
  0x0000000057532800 JavaThread "Reference Handler" daemon [_thread_blocked, id=5456, stack(0x00000000585e0000,0x00000000586e0000)]
=>0x000000000218f800 JavaThread "main" [_thread_in_Java, id=3352, stack(0x0000000002550000,0x0000000002650000)]

Other Threads:
  0x000000005752d000 VMThread [stack: 0x0000000058480000,0x0000000058580000] [id=3084]
  0x000000005891b800 WatcherThread [stack: 0x00000000596a0000,0x00000000597a0000] [id=4396]

VM state:not at safepoint (normal execution)

VM Mutex/Monitor currently owned by a thread: None

Heap:
 PSYoungGen      total 71680K, used 30463K [0x00000000d5c00000, 0x00000000df100000, 0x0000000100000000)
  eden space 66560K, 38% used [0x00000000d5c00000,0x00000000d74c3ee8,0x00000000d9d00000)
  from space 5120K, 99% used [0x00000000d9d00000,0x00000000da1fc010,0x00000000da200000)
  to   space 9728K, 0% used [0x00000000de780000,0x00000000de780000,0x00000000df100000)
 ParOldGen       total 87552K, used 8470K [0x0000000081400000, 0x0000000086980000, 0x00000000d5c00000)
  object space 87552K, 9% used [0x0000000081400000,0x0000000081c45918,0x0000000086980000)
 Metaspace       used 17338K, capacity 17770K, committed 17920K, reserved 1064960K
  class space    used 2094K, capacity 2229K, committed 2304K, reserved 1048576K

Card table byte_map: [0x0000000011ce0000,0x00000000120e0000] byte_map_base: 0x00000000118d6000

Marking Bits: (ParMarkBitMap*) 0x000000006dc64040
 Begin Bits: [0x0000000012840000, 0x00000000147f0000)
 End Bits:   [0x00000000147f0000, 0x00000000167a0000)

Polling page: 0x0000000000140000

CodeCache: size=245760Kb used=9503Kb max_used=9507Kb free=236256Kb
 bounds [0x0000000002920000, 0x0000000003270000, 0x0000000011920000]
 total_blobs=3328 nmethods=2984 adapters=256
 compilation: enabled

Compilation events (10 events):
Event: 2.718 Thread 0x0000000058895000 nmethod 2987 0x0000000003262d90 code [0x0000000003262f00, 0x0000000003263188]
Event: 2.721 Thread 0x0000000058892800 2988       4       java.lang.String::regionMatches (149 bytes)
Event: 2.730 Thread 0x0000000058892800 nmethod 2988 0x000000000326eb50 code [0x000000000326ecc0, 0x000000000326f418]
Event: 2.738 Thread 0x0000000058892800 2989   !   4       java.net.URLClassLoader::findClass (47 bytes)
Event: 2.740 Thread 0x0000000058892800 nmethod 2989 0x000000000326b7d0 code [0x000000000326b960, 0x000000000326bb38]
Event: 2.746 Thread 0x0000000058892800 2990   !   4       java.net.URLClassLoader$1::run (63 bytes)
Event: 2.747 Thread 0x0000000058895000 2992       3       com.sun.tools.javac.util.List::of (12 bytes)
Event: 2.747 Thread 0x0000000058895000 nmethod 2992 0x000000000326d950 code [0x000000000326dac0, 0x000000000326ddf0]
Event: 2.769 Thread 0x0000000058895000 2995       3       java.util.concurrent.ConcurrentHashMap$BaseIterator::hasNext (13 bytes)
Event: 2.769 Thread 0x0000000058895000 nmethod 2995 0x000000000326d3d0 code [0x000000000326d520, 0x000000000326d6d0]

GC Heap History (10 events):
Event: 0.512 GC heap before
{Heap before GC invocations=1 (full 0):
 PSYoungGen      total 38400K, used 33280K [0x00000000d5c00000, 0x00000000d8680000, 0x0000000100000000)
  eden space 33280K, 100% used [0x00000000d5c00000,0x00000000d7c80000,0x00000000d7c80000)
  from space 5120K, 0% used [0x00000000d8180000,0x00000000d8180000,0x00000000d8680000)
  to   space 5120K, 0% used [0x00000000d7c80000,0x00000000d7c80000,0x00000000d8180000)
 ParOldGen       total 87552K, used 0K [0x0000000081400000, 0x0000000086980000, 0x00000000d5c00000)
  object space 87552K, 0% used [0x0000000081400000,0x0000000081400000,0x0000000086980000)
 Metaspace       used 7649K, capacity 7854K, committed 7936K, reserved 1056768K
  class space    used 956K, capacity 1021K, committed 1024K, reserved 1048576K
Event: 0.516 GC heap after
Heap after GC invocations=1 (full 0):
 PSYoungGen      total 38400K, used 4501K [0x00000000d5c00000, 0x00000000d8680000, 0x0000000100000000)
  eden space 33280K, 0% used [0x00000000d5c00000,0x00000000d5c00000,0x00000000d7c80000)
  from space 5120K, 87% used [0x00000000d7c80000,0x00000000d80e5700,0x00000000d8180000)
  to   space 5120K, 0% used [0x00000000d8180000,0x00000000d8180000,0x00000000d8680000)
 ParOldGen       total 87552K, used 16K [0x0000000081400000, 0x0000000086980000, 0x00000000d5c00000)
  object space 87552K, 0% used [0x0000000081400000,0x0000000081404000,0x0000000086980000)
 Metaspace       used 7649K, capacity 7854K, committed 7936K, reserved 1056768K
  class space    used 956K, capacity 1021K, committed 1024K, reserved 1048576K
}
Event: 0.986 GC heap before
{Heap before GC invocations=2 (full 0):
 PSYoungGen      total 38400K, used 37781K [0x00000000d5c00000, 0x00000000d8680000, 0x0000000100000000)
  eden space 33280K, 100% used [0x00000000d5c00000,0x00000000d7c80000,0x00000000d7c80000)
  from space 5120K, 87% used [0x00000000d7c80000,0x00000000d80e5700,0x00000000d8180000)
  to   space 5120K, 0% used [0x00000000d8180000,0x00000000d8180000,0x00000000d8680000)
 ParOldGen       total 87552K, used 16K [0x0000000081400000, 0x0000000086980000, 0x00000000d5c00000)
  object space 87552K, 0% used [0x0000000081400000,0x0000000081404000,0x0000000086980000)
 Metaspace       used 12153K, capacity 12442K, committed 12672K, reserved 1060864K
  class space    used 1489K, capacity 1547K, committed 1664K, reserved 1048576K
Event: 0.992 GC heap after
Heap after GC invocations=2 (full 0):
 PSYoungGen      total 38400K, used 5116K [0x00000000d5c00000, 0x00000000d8680000, 0x0000000100000000)
  eden space 33280K, 0% used [0x00000000d5c00000,0x00000000d5c00000,0x00000000d7c80000)
  from space 5120K, 99% used [0x00000000d8180000,0x00000000d867f3d0,0x00000000d8680000)
  to   space 5120K, 0% used [0x00000000d7c80000,0x00000000d7c80000,0x00000000d8180000)
 ParOldGen       total 87552K, used 2002K [0x0000000081400000, 0x0000000086980000, 0x00000000d5c00000)
  object space 87552K, 2% used [0x0000000081400000,0x00000000815f4920,0x0000000086980000)
 Metaspace       used 12153K, capacity 12442K, committed 12672K, reserved 1060864K
  class space    used 1489K, capacity 1547K, committed 1664K, reserved 1048576K
}
Event: 1.286 GC heap before
{Heap before GC invocations=3 (full 0):
 PSYoungGen      total 38400K, used 38396K [0x00000000d5c00000, 0x00000000d8680000, 0x0000000100000000)
  eden space 33280K, 100% used [0x00000000d5c00000,0x00000000d7c80000,0x00000000d7c80000)
  from space 5120K, 99% used [0x00000000d8180000,0x00000000d867f3d0,0x00000000d8680000)
  to   space 5120K, 0% used [0x00000000d7c80000,0x00000000d7c80000,0x00000000d8180000)
 ParOldGen       total 87552K, used 2002K [0x0000000081400000, 0x0000000086980000, 0x00000000d5c00000)
  object space 87552K, 2% used [0x0000000081400000,0x00000000815f4920,0x0000000086980000)
 Metaspace       used 12579K, capacity 12918K, committed 13184K, reserved 1060864K
  class space    used 1515K, capacity 1589K, committed 1664K, reserved 1048576K
Event: 1.293 GC heap after
Heap after GC invocations=3 (full 0):
 PSYoungGen      total 38400K, used 5088K [0x00000000d5c00000, 0x00000000da700000, 0x0000000100000000)
  eden space 33280K, 0% used [0x00000000d5c00000,0x00000000d5c00000,0x00000000d7c80000)
  from space 5120K, 99% used [0x00000000d7c80000,0x00000000d8178020,0x00000000d8180000)
  to   space 5120K, 0% used [0x00000000da200000,0x00000000da200000,0x00000000da700000)
 ParOldGen       total 87552K, used 2996K [0x0000000081400000, 0x0000000086980000, 0x00000000d5c00000)
  object space 87552K, 3% used [0x0000000081400000,0x00000000816ed1e8,0x0000000086980000)
 Metaspace       used 12579K, capacity 12918K, committed 13184K, reserved 1060864K
  class space    used 1515K, capacity 1589K, committed 1664K, reserved 1048576K
}
Event: 1.556 GC heap before
{Heap before GC invocations=4 (full 0):
 PSYoungGen      total 38400K, used 38368K [0x00000000d5c00000, 0x00000000da700000, 0x0000000100000000)
  eden space 33280K, 100% used [0x00000000d5c00000,0x00000000d7c80000,0x00000000d7c80000)
  from space 5120K, 99% used [0x00000000d7c80000,0x00000000d8178020,0x00000000d8180000)
  to   space 5120K, 0% used [0x00000000da200000,0x00000000da200000,0x00000000da700000)
 ParOldGen       total 87552K, used 2996K [0x0000000081400000, 0x0000000086980000, 0x00000000d5c00000)
  object space 87552K, 3% used [0x0000000081400000,0x00000000816ed1e8,0x0000000086980000)
 Metaspace       used 12953K, capacity 13238K, committed 13440K, reserved 1060864K
  class space    used 1535K, capacity 1589K, committed 1664K, reserved 1048576K
Event: 1.564 GC heap after
Heap after GC invocations=4 (full 0):
 PSYoungGen      total 71680K, used 5088K [0x00000000d5c00000, 0x00000000da700000, 0x0000000100000000)
  eden space 66560K, 0% used [0x00000000d5c00000,0x00000000d5c00000,0x00000000d9d00000)
  from space 5120K, 99% used [0x00000000da200000,0x00000000da6f8020,0x00000000da700000)
  to   space 5120K, 0% used [0x00000000d9d00000,0x00000000d9d00000,0x00000000da200000)
 ParOldGen       total 87552K, used 4487K [0x0000000081400000, 0x0000000086980000, 0x00000000d5c00000)
  object space 87552K, 5% used [0x0000000081400000,0x0000000081861f60,0x0000000086980000)
 Metaspace       used 12953K, capacity 13238K, committed 13440K, reserved 1060864K
  class space    used 1535K, capacity 1589K, committed 1664K, reserved 1048576K
}
Event: 2.508 GC heap before
{Heap before GC invocations=5 (full 0):
 PSYoungGen      total 71680K, used 71648K [0x00000000d5c00000, 0x00000000da700000, 0x0000000100000000)
  eden space 66560K, 100% used [0x00000000d5c00000,0x00000000d9d00000,0x00000000d9d00000)
  from space 5120K, 99% used [0x00000000da200000,0x00000000da6f8020,0x00000000da700000)
  to   space 5120K, 0% used [0x00000000d9d00000,0x00000000d9d00000,0x00000000da200000)
 ParOldGen       total 87552K, used 4487K [0x0000000081400000, 0x0000000086980000, 0x00000000d5c00000)
  object space 87552K, 5% used [0x0000000081400000,0x0000000081861f60,0x0000000086980000)
 Metaspace       used 14154K, capacity 14534K, committed 14592K, reserved 1062912K
  class space    used 1656K, capacity 1765K, committed 1792K, reserved 1048576K
Event: 2.519 GC heap after
Heap after GC invocations=5 (full 0):
 PSYoungGen      total 71680K, used 5104K [0x00000000d5c00000, 0x00000000df100000, 0x0000000100000000)
  eden space 66560K, 0% used [0x00000000d5c00000,0x00000000d5c00000,0x00000000d9d00000)
  from space 5120K, 99% used [0x00000000d9d00000,0x00000000da1fc010,0x00000000da200000)
  to   space 9728K, 0% used [0x00000000de780000,0x00000000de780000,0x00000000df100000)
 ParOldGen       total 87552K, used 8470K [0x0000000081400000, 0x0000000086980000, 0x00000000d5c00000)
  object space 87552K, 9% used [0x0000000081400000,0x0000000081c45918,0x0000000086980000)
 Metaspace       used 14154K, capacity 14534K, committed 14592K, reserved 1062912K
  class space    used 1656K, capacity 1765K, committed 1792K, reserved 1048576K
}

Deoptimization events (10 events):
Event: 1.258 Thread 0x000000000218f800 Uncommon trap: reason=class_check action=maybe_recompile pc=0x0000000002ee7144 method=org.apache.maven.model.interpolation.StringSearchModelInterpolator$InterpolateObjectAction.interpolateMapField(Ljava/lang/Object;Ljava/lang/reflect/Field;)V @ 126
Event: 1.276 Thread 0x000000000218f800 Uncommon trap: reason=class_check action=maybe_recompile pc=0x0000000002ee7144 method=org.apache.maven.model.interpolation.StringSearchModelInterpolator$InterpolateObjectAction.interpolateMapField(Ljava/lang/Object;Ljava/lang/reflect/Field;)V @ 126
Event: 1.276 Thread 0x000000000218f800 Uncommon trap: reason=class_check action=maybe_recompile pc=0x0000000002ee7144 method=org.apache.maven.model.interpolation.StringSearchModelInterpolator$InterpolateObjectAction.interpolateMapField(Ljava/lang/Object;Ljava/lang/reflect/Field;)V @ 126
Event: 1.285 Thread 0x000000000218f800 Uncommon trap: reason=null_check action=make_not_entrant pc=0x0000000002f25d9c method=org.apache.maven.model.io.xpp3.MavenXpp3Reader.checkFieldWithDuplicate(Lorg/codehaus/plexus/util/xml/pull/XmlPullParser;Ljava/lang/String;Ljava/lang/String;Ljava/util/SetS¨õ‰Ð=õ?
Event: 1.328 Thread 0x000000000218f800 Uncommon trap: reason=unstable_if action=reinterpret pc=0x0000000002cc1d8c method=java.util.HashMap.hash(Ljava/lang/Object;)I @ 1
Event: 1.749 Thread 0x000000000218f800 Uncommon trap: reason=class_check action=maybe_recompile pc=0x00000000030085b4 method=org.apache.maven.model.interpolation.StringSearchModelInterpolator$InterpolateObjectAction.interpolateMapField(Ljava/lang/Object;Ljava/lang/reflect/Field;)V @ 126
Event: 1.880 Thread 0x000000000218f800 Uncommon trap: reason=unstable_if action=reinterpret pc=0x000000000304e3b0 method=java.util.ArrayList.remove(Ljava/lang/Object;)Z @ 46
Event: 2.526 Thread 0x000000000218f800 Uncommon trap: reason=unstable_if action=reinterpret pc=0x00000000030daccc method=java.lang.ref.ReferenceQueue.poll()Ljava/lang/ref/Reference; @ 4
Event: 2.684 Thread 0x000000000218f800 Uncommon trap: reason=unstable_if action=reinterpret pc=0x00000000030a7668 method=java.util.regex.Pattern.has(I)Z @ 6
Event: 2.684 Thread 0x000000000218f800 Uncommon trap: reason=unstable_if action=reinterpret pc=0x000000000319c400 method=java.util.regex.Pattern.has(I)Z @ 6

Internal exceptions (10 events):
Event: 0.563 Thread 0x000000000218f800 Exception <a 'java/lang/NoClassDefFoundError': org/slf4j/LoggerFactory> (0x00000000d5f3b280) thrown at [C:\re\workspace\8-2-build-windows-amd64-cygwin\jdk8u51\3951\hotspot\src\share\vm\classfile\systemDictionary.cpp, line 199]
Event: 0.563 Thread 0x000000000218f800 Exception <a 'java/lang/NoClassDefFoundError'> (0x00000000d5f3b280) thrown at [C:\re\workspace\8-2-build-windows-amd64-cygwin\jdk8u51\3951\hotspot\src\share\vm\oops\instanceKlass.cpp, line 938]
Event: 0.982 Thread 0x000000000218f800 Implicit null exception at 0x0000000002ce7885 to 0x0000000002ce7a59
Event: 0.983 Thread 0x000000000218f800 Implicit null exception at 0x0000000002c09c2f to 0x0000000002c09c95
Event: 1.285 Thread 0x000000000218f800 Implicit null exception at 0x0000000002f24a0b to 0x0000000002f25d85
Event: 1.328 Thread 0x000000000218f800 Implicit null exception at 0x0000000002cc166b to 0x0000000002cc1d71
Event: 1.846 Thread 0x000000000218f800 Exception <a 'java/lang/NoClassDefFoundError': org/slf4j/Logger> (0x00000000d8ab8d80) thrown at [C:\re\workspace\8-2-build-windows-amd64-cygwin\jdk8u51\3951\hotspot\src\share\vm\oops\constantPool.cpp, line 235]
Event: 2.452 Thread 0x000000000218f800 Exception <a 'java/lang/NoClassDefFoundError': org/slf4j/Logger> (0x00000000d9510e40) thrown at [C:\re\workspace\8-2-build-windows-amd64-cygwin\jdk8u51\3951\hotspot\src\share\vm\oops\constantPool.cpp, line 235]
Event: 2.580 Thread 0x000000000218f800 Exception <a 'java/lang/NoClassDefFoundError': org/slf4j/Logger> (0x00000000d6859ea0) thrown at [C:\re\workspace\8-2-build-windows-amd64-cygwin\jdk8u51\3951\hotspot\src\share\vm\oops\constantPool.cpp, line 235]
Event: 2.643 Thread 0x000000000218f800 Exception <a 'java/lang/ClassNotFoundException': com/sun/tools/javac/api/JavacTool> (0x00000000d6c00998) thrown at [C:\re\workspace\8-2-build-windows-amd64-cygwin\jdk8u51\3951\hotspot\src\share\vm\classfile\systemDictionary.cpp, line 210]

Events (10 events):
Event: 2.790 loading class com/sun/tools/javac/comp/Attr$RecoveryInfo$1
Event: 2.790 loading class com/sun/tools/javac/comp/Attr$RecoveryInfo$1 done
Event: 2.790 loading class com/sun/tools/javac/tree/TreeInfo
Event: 2.790 loading class com/sun/tools/javac/tree/TreeInfo done
Event: 2.790 loading class com/sun/tools/javac/tree/TreeInfo$1Result
Event: 2.790 loading class com/sun/tools/javac/tree/TreeInfo$1Result done
Event: 2.791 loading class com/sun/tools/javac/tree/TreeInfo$1DeclScanner
Event: 2.791 loading class com/sun/tools/javac/tree/TreeInfo$1DeclScanner done
Event: 2.791 loading class com/sun/tools/javac/comp/Resolve$VerboseResolutionMode
Event: 2.791 loading class com/sun/tools/javac/comp/Resolve$VerboseResolutionMode done


Dynamic libraries:
0x000000013fd00000 - 0x000000013fd37000 	C:\Program Files\Java\jdk1.8.0_51\bin\java.exe
0x00000000772e0000 - 0x000000007748a000 	C:\Windows\SYSTEM32\ntdll.dll
0x00000000771c0000 - 0x00000000772df000 	C:\Windows\system32\kernel32.dll
0x000007fefd080000 - 0x000007fefd0ea000 	C:\Windows\system32\KERNELBASE.dll
0x000007fefe4b0000 - 0x000007fefe58b000 	C:\Windows\system32\ADVAPI32.dll
0x000007fefe6d0000 - 0x000007fefe76f000 	C:\Windows\system32\msvcrt.dll
0x000007fefe300000 - 0x000007fefe31f000 	C:\Windows\SYSTEM32\sechost.dll
0x000007fefe590000 - 0x000007fefe6bd000 	C:\Windows\system32\RPCRT4.dll
0x00000000770c0000 - 0x00000000771ba000 	C:\Windows\system32\USER32.dll
0x000007feff190000 - 0x000007feff1f7000 	C:\Windows\system32\GDI32.dll
0x000007fefe6c0000 - 0x000007fefe6ce000 	C:\Windows\system32\LPK.dll
0x000007fefedb0000 - 0x000007fefee7a000 	C:\Windows\system32\USP10.dll
0x000007fefb8b0000 - 0x000007fefbaa4000 	C:\Windows\WinSxS\amd64_microsoft.windows.common-controls_6595b64144ccf1df_6.0.7601.18837_none_fa3b1e3d17594757\COMCTL32.dll
0x000007fefe160000 - 0x000007fefe1d1000 	C:\Windows\system32\SHLWAPI.dll
0x000007fefee80000 - 0x000007fefeeae000 	C:\Windows\system32\IMM32.DLL
0x000007fefea50000 - 0x000007fefeb59000 	C:\Windows\system32\MSCTF.dll
0x000000006ed40000 - 0x000000006ee12000 	C:\Program Files\Java\jdk1.8.0_51\jre\bin\msvcr100.dll
0x000000006d460000 - 0x000000006dce3000 	C:\Program Files\Java\jdk1.8.0_51\jre\bin\server\jvm.dll
0x000007fef9ec0000 - 0x000007fef9ec9000 	C:\Windows\system32\WSOCK32.dll
0x000007fefec60000 - 0x000007fefecad000 	C:\Windows\system32\WS2_32.dll
0x000007feff180000 - 0x000007feff188000 	C:\Windows\system32\NSI.dll
0x000007fefabc0000 - 0x000007fefabfb000 	C:\Windows\system32\WINMM.dll
0x000007fefbf40000 - 0x000007fefbf4c000 	C:\Windows\system32\VERSION.dll
0x00000000774a0000 - 0x00000000774a7000 	C:\Windows\system32\PSAPI.DLL
0x00000000713a0000 - 0x00000000713af000 	C:\Program Files\Java\jdk1.8.0_51\jre\bin\verify.dll
0x000000006ee90000 - 0x000000006eeb9000 	C:\Program Files\Java\jdk1.8.0_51\jre\bin\java.dll
0x000000006ee70000 - 0x000000006ee86000 	C:\Program Files\Java\jdk1.8.0_51\jre\bin\zip.dll
0x000007fefd3d0000 - 0x000007fefe159000 	C:\Windows\system32\SHELL32.dll
0x000007feff200000 - 0x000007feff403000 	C:\Windows\system32\ole32.dll
0x000007fefd020000 - 0x000007fefd02f000 	C:\Windows\system32\profapi.dll
0x000007fefce50000 - 0x000007fefcea7000 	C:\Windows\system32\apphelp.dll
0x000000006ee50000 - 0x000000006ee6a000 	C:\Program Files\Java\jdk1.8.0_51\jre\bin\net.dll
0x000007fefc7b0000 - 0x000007fefc805000 	C:\Windows\system32\mswsock.dll
0x000007fefc7a0000 - 0x000007fefc7a7000 	C:\Windows\System32\wship6.dll
0x000000006ee30000 - 0x000000006ee41000 	C:\Program Files\Java\jdk1.8.0_51\jre\bin\nio.dll
0x000007fef9360000 - 0x000007fef9485000 	C:\Windows\system32\dbghelp.dll

VM Arguments:
jvm_args: -Dclassworlds.conf=C:\Program Files\NetBeans 8.1\java\maven\bin\m2.conf -Dmaven.home=C:\Program Files\NetBeans 8.1\java\maven 
java_command: org.codehaus.plexus.classworlds.launcher.Launcher -Dnetbeans.deploy=true -Dmaven.ext.class.path=C:\Program Files\NetBeans 8.1\java\maven-nblib\netbeans-eventspy.jar -Dfile.encoding=UTF-8 package
java_class_path (initial): C:\Program Files\NetBeans 8.1\java\maven\boot\plexus-classworlds-2.4.jar
Launcher Type: SUN_STANDARD

Environment Variables:
JAVA_HOME=C:\Program Files\Java\jdk1.8.0_51
CLASSPATH=C:\Program Files (x86)\SAP\SAP Business One DI API\JCO\LIB\sbowrapper.jar;C:\Program Files (x86)\SAP\SAP Business One DI API\JCO\LIB\sboapi.jar;C:\Program Files\SAP\SAP Business One DI API\JCO\LIB\sbowrapper.jar;C:\Program Files\SAP\SAP Business One DI API\JCO\LIB\sboapi.jar
PATH=C:\oraclexe\app\oracle\product\11.2.0\server\bin;;C:\ProgramData\Oracle\Java\javapath;C:\Windows\system32;C:\Windows;C:\Windows\System32\Wbem;C:\Windows\System32\WindowsPowerShell\v1.0\;d:\Program Files (x86)\Microsoft SQL Server\100\Tools\Binn\;d:\Program Files\Microsoft SQL Server\100\Tools\Binn\;d:\Program Files\Microsoft SQL Server\100\DTS\Binn\;d:\Program Files (x86)\Microsoft SQL Server\100\Tools\Binn\VSShell\Common7\IDE\;d:\Program Files (x86)\Microsoft SQL Server\100\DTS\Binn\;C:\Program Files (x86)\SAP\SAP Business One DI API\JCO\LIB\;C:\Program Files (x86)\SAP\SAP Business One DI API\DI API 90;C:\Program Files (x86)\SAP\SAP Business One\;C:\Program Files\Microsoft\Web Platform Installer\;C:\Program Files (x86)\Microsoft ASP.NET\ASP.NET Web Pages\v1.0\;C:\Program Files (x86)\Windows Kits\8.0\Windows Performance Toolkit\;C:\Program Files\Microsoft SQL Server\110\Tools\Binn\;C:\Program Files\nodejs\;C:\Program Files\Git\cmd;C:\Program Files\SAP\SAP Business One DI API\JCO\LIB\;C:\Program Files\SAP\SAP Business One DI API\DI API 90;C:\Program Files\SAP\SAP Business One\
USERNAME=steven.vargas
OS=Windows_NT
PROCESSOR_IDENTIFIER=Intel64 Family 6 Model 58 Stepping 9, GenuineIntel



---------------  S Y S T E M  ---------------

OS: Windows 7 , 64 bit Build 7601 (6.1.7601.23543)

CPU:total 4 (4 cores per cpu, 1 threads per core) family 6 model 58 stepping 9, cmov, cx8, fxsr, mmx, sse, sse2, sse3, ssse3, sse4.1, sse4.2, popcnt, avx, aes, clmul, erms, tsc, tscinvbit, tscinv

Memory: 4k page, physical 8303020k(4494944k free), swap 16604180k(11901476k free)

vm_info: Java HotSpot(TM) 64-Bit Server VM (25.51-b03) for windows-amd64 JRE (1.8.0_51-b16), built on Jun  8 2015 18:03:07 by "java_re" with MS VC++ 10.0 (VS2010)

time: Thu Nov 03 13:18:38 2016
elapsed time: 2 seconds (0d 0h 0m 2s)

