#
# A fatal error has been detected by the Java Runtime Environment:
#
#  EXCEPTION_ACCESS_VIOLATION (0xc0000005) at pc=0x0000000002741b39, pid=2948, tid=5768
#
# JRE version: Java(TM) SE Runtime Environment (8.0_51-b16) (build 1.8.0_51-b16)
# Java VM: Java HotSpot(TM) 64-Bit Server VM (25.51-b03 mixed mode windows-amd64 compressed oops)
# Problematic frame:
# j  java.net.URLStreamHandler.parseURL(Ljava/net/URL;Ljava/lang/String;II)V+19
#
# Failed to write core dump. Minidumps are not enabled by default on client versions of Windows
#
# If you would like to submit a bug report, please visit:
#   http://bugreport.java.com/bugreport/crash.jsp
#

---------------  T H R E A D  ---------------

Current thread (0x000000000025f800):  JavaThread "main" [_thread_in_Java, id=5768, stack(0x0000000002350000,0x0000000002450000)]

siginfo: ExceptionCode=0xc0000005, reading address 0xffffffffffffffff

Registers:
RAX=0x000000005d606e18, RBX=0x0000000056b7ae48, RCX=0x00000000d89c5220, RDX=0x0000000070500001
RSP=0x000000000244d948, RBP=0x000000000244d998, RSI=0x0000000000000072, RDI=0x0000000000000005
R8 =0x00000000d89c5220, R9 =0x00000000d89c4fa8, R10=0x00000000636abba0, R11=0x0000000002ed9340
R12=0x0000000000000000, R13=0x000000000244d950, R14=0x000000000244da38, R15=0x000000000025f800
RIP=0x0000000002741b39, EFLAGS=0x0000000000010297

Top of Stack: (sp=0x000000000244d948)
0x000000000244d948:   0000000002727a50 00000000d89c5220
0x000000000244d958:   000000000244d958 0000000056caabf3
0x000000000244d968:   000000000244da38 0000000056caba30
0x000000000244d978:   000000005d606e18 0000000056cab0e0
0x000000000244d988:   000000000244d950 000000000244da40
0x000000000244d998:   000000000244dcb0 0000000002fb2d54
0x000000000244d9a8:   0000000000000000 0000000000000000
0x000000000244d9b8:   0000000000000000 0000000000000000
0x000000000244d9c8:   0000000000000000 0000000000000000
0x000000000244d9d8:   0000000000000000 0000000000000000
0x000000000244d9e8:   0000000000000000 0000000000000000
0x000000000244d9f8:   0000000000000000 0000000000000000
0x000000000244da08:   0000000000000000 00000000d89c5260
0x000000000244da18:   0000000000000072 0000000000000005
0x000000000244da28:   00000000d89c4fa8 00000000d89c5220
0x000000000244da38:   00000000d9f29c18 00000000d89c4fa8 

Instructions: (pc=0x0000000002741b39)
0x0000000002741b19:   48 83 c0 10 4c 8b 68 d8 41 83 ed 04 41 c1 e5 03
0x0000000002741b29:   49 03 c5 48 89 45 e0 4c 8d 6c 24 08 4c 89 6d f0
0x0000000002741b39:   ff 63 50 8b 41 08 4c 8b 75 e0 4d 85 f6 0f 84 95
0x0000000002741b49:   00 00 00 49 8b 56 10 48 3b d0 0f 85 0f 00 00 00 


Register to memory mapping:

RAX=0x000000005d606e18 is pointing into metadata
RBX={method} {0x0000000056b7ae50} 'getHost' '()Ljava/lang/String;' in 'java/net/URL'
RCX=0x00000000d89c5220 is an oop
java.net.URL 
 - klass: 'java/net/URL'
RDX=0x0000000070500001 is an unknown value
RSP=0x000000000244d948 is pointing into the stack for thread: 0x000000000025f800
RBP=0x000000000244d998 is pointing into the stack for thread: 0x000000000025f800
RSI=0x0000000000000072 is an unknown value
RDI=0x0000000000000005 is an unknown value
R8 =0x00000000d89c5220 is an oop
java.net.URL 
 - klass: 'java/net/URL'
R9 =0x00000000d89c4fa8 is an oop
java.lang.String 
 - klass: 'java/lang/String'
R10=0x00000000636abba0 is an unknown value
R11=0x0000000002ed9340 is at entry_point+32 in (nmethod*)0x0000000002ed91d0
R12=0x0000000000000000 is an unknown value
R13=0x000000000244d950 is pointing into the stack for thread: 0x000000000025f800
R14=0x000000000244da38 is pointing into the stack for thread: 0x000000000025f800
R15=0x000000000025f800 is a thread


Stack: [0x0000000002350000,0x0000000002450000],  sp=0x000000000244d948,  free space=1014k
Native frames: (J=compiled Java code, j=interpreted, Vv=VM code, C=native code)
C  0x0000000002741b39


---------------  P R O C E S S  ---------------

Java Threads: ( => current thread )
  0x000000005ce0e000 JavaThread "resolver-4" daemon [_thread_blocked, id=5288, stack(0x000000005e2f0000,0x000000005e3f0000)]
  0x000000005beed800 JavaThread "resolver-3" daemon [_thread_blocked, id=3468, stack(0x000000005ddf0000,0x000000005def0000)]
  0x000000005beec800 JavaThread "resolver-2" daemon [_thread_blocked, id=3144, stack(0x000000005df50000,0x000000005e050000)]
  0x000000005c58a000 JavaThread "resolver-1" daemon [_thread_blocked, id=4808, stack(0x000000005dcf0000,0x000000005ddf0000)]
  0x00000000588f1000 JavaThread "Service Thread" daemon [_thread_blocked, id=4804, stack(0x00000000593d0000,0x00000000594d0000)]
  0x0000000058875800 JavaThread "C1 CompilerThread2" daemon [_thread_in_native, id=5620, stack(0x00000000594d0000,0x00000000595d0000)]
  0x0000000058874800 JavaThread "C2 CompilerThread1" daemon [_thread_in_native, id=5564, stack(0x00000000592c0000,0x00000000593c0000)]
  0x00000000574ee800 JavaThread "C2 CompilerThread0" daemon [_thread_blocked, id=5160, stack(0x00000000590c0000,0x00000000591c0000)]
  0x00000000574eb800 JavaThread "Attach Listener" daemon [_thread_blocked, id=5496, stack(0x0000000058ed0000,0x0000000058fd0000)]
  0x00000000574ea800 JavaThread "Signal Dispatcher" daemon [_thread_blocked, id=3260, stack(0x0000000058d60000,0x0000000058e60000)]
  0x000000005748d000 JavaThread "Finalizer" daemon [_thread_blocked, id=6044, stack(0x0000000058770000,0x0000000058870000)]
  0x0000000057486000 JavaThread "Reference Handler" daemon [_thread_blocked, id=5536, stack(0x0000000058670000,0x0000000058770000)]
=>0x000000000025f800 JavaThread "main" [_thread_in_Java, id=5768, stack(0x0000000002350000,0x0000000002450000)]

Other Threads:
  0x000000005747d000 VMThread [stack: 0x00000000584f0000,0x00000000585f0000] [id=5440]
  0x00000000588fb800 WatcherThread [stack: 0x00000000596f0000,0x00000000597f0000] [id=5896]

VM state:not at safepoint (normal execution)

VM Mutex/Monitor currently owned by a thread: None

Heap:
 PSYoungGen      total 71680K, used 50778K [0x00000000d5d80000, 0x00000000df280000, 0x0000000100000000)
  eden space 66560K, 68% used [0x00000000d5d80000,0x00000000d8a1aad8,0x00000000d9e80000)
  from space 5120K, 99% used [0x00000000d9e80000,0x00000000da37c030,0x00000000da380000)
  to   space 9728K, 0% used [0x00000000de900000,0x00000000de900000,0x00000000df280000)
 ParOldGen       total 87552K, used 8473K [0x0000000081800000, 0x0000000086d80000, 0x00000000d5d80000)
  object space 87552K, 9% used [0x0000000081800000,0x0000000082046468,0x0000000086d80000)
 Metaspace       used 15840K, capacity 16326K, committed 16384K, reserved 1062912K
  class space    used 1818K, capacity 2000K, committed 2048K, reserved 1048576K

Card table byte_map: [0x0000000011ae0000,0x0000000011ee0000] byte_map_base: 0x00000000116d4000

Marking Bits: (ParMarkBitMap*) 0x00000000636c4040
 Begin Bits: [0x00000000127b0000, 0x0000000014750000)
 End Bits:   [0x0000000014750000, 0x00000000166f0000)

Polling page: 0x0000000000240000

CodeCache: size=245760Kb used=10077Kb max_used=10077Kb free=235682Kb
 bounds [0x0000000002720000, 0x0000000003100000, 0x0000000011720000]
 total_blobs=3535 nmethods=3192 adapters=255
 compilation: enabled

Compilation events (10 events):
Event: 2.803 Thread 0x0000000058875800 nmethod 3198 0x00000000030e8fd0 code [0x00000000030e9220, 0x00000000030e9fd8]
Event: 2.803 Thread 0x0000000058875800 3191       3       org.sonatype.aether.util.graph.transformer.ConflictMarker$Key::hashCode (77 bytes)
Event: 2.803 Thread 0x0000000058875800 nmethod 3191 0x00000000030f66d0 code [0x00000000030f68a0, 0x00000000030f6ff8]
Event: 2.803 Thread 0x0000000058875800 3186       3       java.util.regex.Pattern$CharProperty::study (29 bytes)
Event: 2.803 Thread 0x0000000058875800 nmethod 3186 0x00000000030e8b10 code [0x00000000030e8c80, 0x00000000030e8ea8]
Event: 2.803 Thread 0x0000000058875800 3187       3       org.sonatype.aether.util.artifact.DefaultArtifact::getProperties (8 bytes)
Event: 2.804 Thread 0x0000000058875800 nmethod 3187 0x00000000030f7290 code [0x00000000030f7420, 0x00000000030f77e8]
Event: 2.804 Thread 0x0000000058875800 3201       3       org.sonatype.guice.bean.locators.EntryListAdapter::isEmpty (19 bytes)
Event: 2.804 Thread 0x0000000058875800 nmethod 3201 0x00000000030f79d0 code [0x00000000030f7b80, 0x00000000030f8118]
Event: 2.804 Thread 0x0000000058875800 3190   !   3       org.apache.maven.model.RepositoryPolicy::clone (73 bytes)

GC Heap History (10 events):
Event: 0.501 GC heap before
{Heap before GC invocations=1 (full 0):
 PSYoungGen      total 38400K, used 33280K [0x00000000d5d80000, 0x00000000d8800000, 0x0000000100000000)
  eden space 33280K, 100% used [0x00000000d5d80000,0x00000000d7e00000,0x00000000d7e00000)
  from space 5120K, 0% used [0x00000000d8300000,0x00000000d8300000,0x00000000d8800000)
  to   space 5120K, 0% used [0x00000000d7e00000,0x00000000d7e00000,0x00000000d8300000)
 ParOldGen       total 87552K, used 0K [0x0000000081800000, 0x0000000086d80000, 0x00000000d5d80000)
  object space 87552K, 0% used [0x0000000081800000,0x0000000081800000,0x0000000086d80000)
 Metaspace       used 7649K, capacity 7846K, committed 7936K, reserved 1056768K
  class space    used 956K, capacity 1021K, committed 1024K, reserved 1048576K
Event: 0.505 GC heap after
Heap after GC invocations=1 (full 0):
 PSYoungGen      total 38400K, used 4553K [0x00000000d5d80000, 0x00000000d8800000, 0x0000000100000000)
  eden space 33280K, 0% used [0x00000000d5d80000,0x00000000d5d80000,0x00000000d7e00000)
  from space 5120K, 88% used [0x00000000d7e00000,0x00000000d8272600,0x00000000d8300000)
  to   space 5120K, 0% used [0x00000000d8300000,0x00000000d8300000,0x00000000d8800000)
 ParOldGen       total 87552K, used 16K [0x0000000081800000, 0x0000000086d80000, 0x00000000d5d80000)
  object space 87552K, 0% used [0x0000000081800000,0x0000000081804000,0x0000000086d80000)
 Metaspace       used 7649K, capacity 7846K, committed 7936K, reserved 1056768K
  class space    used 956K, capacity 1021K, committed 1024K, reserved 1048576K
}
Event: 0.985 GC heap before
{Heap before GC invocations=2 (full 0):
 PSYoungGen      total 38400K, used 37833K [0x00000000d5d80000, 0x00000000d8800000, 0x0000000100000000)
  eden space 33280K, 100% used [0x00000000d5d80000,0x00000000d7e00000,0x00000000d7e00000)
  from space 5120K, 88% used [0x00000000d7e00000,0x00000000d8272600,0x00000000d8300000)
  to   space 5120K, 0% used [0x00000000d8300000,0x00000000d8300000,0x00000000d8800000)
 ParOldGen       total 87552K, used 16K [0x0000000081800000, 0x0000000086d80000, 0x00000000d5d80000)
  object space 87552K, 0% used [0x0000000081800000,0x0000000081804000,0x0000000086d80000)
 Metaspace       used 12150K, capacity 12434K, committed 12672K, reserved 1060864K
  class space    used 1489K, capacity 1547K, committed 1664K, reserved 1048576K
Event: 0.991 GC heap after
Heap after GC invocations=2 (full 0):
 PSYoungGen      total 38400K, used 5093K [0x00000000d5d80000, 0x00000000da880000, 0x0000000100000000)
  eden space 33280K, 0% used [0x00000000d5d80000,0x00000000d5d80000,0x00000000d7e00000)
  from space 5120K, 99% used [0x00000000d8300000,0x00000000d87f94b8,0x00000000d8800000)
  to   space 5120K, 0% used [0x00000000d7e00000,0x00000000d7e00000,0x00000000d8300000)
 ParOldGen       total 87552K, used 1985K [0x0000000081800000, 0x0000000086d80000, 0x00000000d5d80000)
  object space 87552K, 2% used [0x0000000081800000,0x00000000819f05e0,0x0000000086d80000)
 Metaspace       used 12150K, capacity 12434K, committed 12672K, reserved 1060864K
  class space    used 1489K, capacity 1547K, committed 1664K, reserved 1048576K
}
Event: 1.290 GC heap before
{Heap before GC invocations=3 (full 0):
 PSYoungGen      total 38400K, used 38373K [0x00000000d5d80000, 0x00000000da880000, 0x0000000100000000)
  eden space 33280K, 100% used [0x00000000d5d80000,0x00000000d7e00000,0x00000000d7e00000)
  from space 5120K, 99% used [0x00000000d8300000,0x00000000d87f94b8,0x00000000d8800000)
  to   space 5120K, 0% used [0x00000000d7e00000,0x00000000d7e00000,0x00000000d8300000)
 ParOldGen       total 87552K, used 1985K [0x0000000081800000, 0x0000000086d80000, 0x00000000d5d80000)
  object space 87552K, 2% used [0x0000000081800000,0x00000000819f05e0,0x0000000086d80000)
 Metaspace       used 12581K, capacity 12910K, committed 13184K, reserved 1060864K
  class space    used 1514K, capacity 1589K, committed 1664K, reserved 1048576K
Event: 1.296 GC heap after
Heap after GC invocations=3 (full 0):
 PSYoungGen      total 38400K, used 5104K [0x00000000d5d80000, 0x00000000da880000, 0x0000000100000000)
  eden space 33280K, 0% used [0x00000000d5d80000,0x00000000d5d80000,0x00000000d7e00000)
  from space 5120K, 99% used [0x00000000d7e00000,0x00000000d82fc030,0x00000000d8300000)
  to   space 5120K, 0% used [0x00000000da380000,0x00000000da380000,0x00000000da880000)
 ParOldGen       total 87552K, used 2963K [0x0000000081800000, 0x0000000086d80000, 0x00000000d5d80000)
  object space 87552K, 3% used [0x0000000081800000,0x0000000081ae4ea8,0x0000000086d80000)
 Metaspace       used 12581K, capacity 12910K, committed 13184K, reserved 1060864K
  class space    used 1514K, capacity 1589K, committed 1664K, reserved 1048576K
}
Event: 1.556 GC heap before
{Heap before GC invocations=4 (full 0):
 PSYoungGen      total 38400K, used 38384K [0x00000000d5d80000, 0x00000000da880000, 0x0000000100000000)
  eden space 33280K, 100% used [0x00000000d5d80000,0x00000000d7e00000,0x00000000d7e00000)
  from space 5120K, 99% used [0x00000000d7e00000,0x00000000d82fc030,0x00000000d8300000)
  to   space 5120K, 0% used [0x00000000da380000,0x00000000da380000,0x00000000da880000)
 ParOldGen       total 87552K, used 2963K [0x0000000081800000, 0x0000000086d80000, 0x00000000d5d80000)
  object space 87552K, 3% used [0x0000000081800000,0x0000000081ae4ea8,0x0000000086d80000)
 Metaspace       used 12952K, capacity 13230K, committed 13440K, reserved 1060864K
  class space    used 1535K, capacity 1589K, committed 1664K, reserved 1048576K
Event: 1.564 GC heap after
Heap after GC invocations=4 (full 0):
 PSYoungGen      total 71680K, used 5104K [0x00000000d5d80000, 0x00000000da880000, 0x0000000100000000)
  eden space 66560K, 0% used [0x00000000d5d80000,0x00000000d5d80000,0x00000000d9e80000)
  from space 5120K, 99% used [0x00000000da380000,0x00000000da87c010,0x00000000da880000)
  to   space 5120K, 0% used [0x00000000d9e80000,0x00000000d9e80000,0x00000000da380000)
 ParOldGen       total 87552K, used 4441K [0x0000000081800000, 0x0000000086d80000, 0x00000000d5d80000)
  object space 87552K, 5% used [0x0000000081800000,0x0000000081c56508,0x0000000086d80000)
 Metaspace       used 12952K, capacity 13230K, committed 13440K, reserved 1060864K
  class space    used 1535K, capacity 1589K, committed 1664K, reserved 1048576K
}
Event: 2.002 GC heap before
{Heap before GC invocations=5 (full 0):
 PSYoungGen      total 71680K, used 71664K [0x00000000d5d80000, 0x00000000da880000, 0x0000000100000000)
  eden space 66560K, 100% used [0x00000000d5d80000,0x00000000d9e80000,0x00000000d9e80000)
  from space 5120K, 99% used [0x00000000da380000,0x00000000da87c010,0x00000000da880000)
  to   space 5120K, 0% used [0x00000000d9e80000,0x00000000d9e80000,0x00000000da380000)
 ParOldGen       total 87552K, used 4441K [0x0000000081800000, 0x0000000086d80000, 0x00000000d5d80000)
  object space 87552K, 5% used [0x0000000081800000,0x0000000081c56508,0x0000000086d80000)
 Metaspace       used 14167K, capacity 14526K, committed 14592K, reserved 1062912K
  class space    used 1657K, capacity 1765K, committed 1792K, reserved 1048576K
Event: 2.015 GC heap after
Heap after GC invocations=5 (full 0):
 PSYoungGen      total 71680K, used 5104K [0x00000000d5d80000, 0x00000000df280000, 0x0000000100000000)
  eden space 66560K, 0% used [0x00000000d5d80000,0x00000000d5d80000,0x00000000d9e80000)
  from space 5120K, 99% used [0x00000000d9e80000,0x00000000da37c030,0x00000000da380000)
  to   space 9728K, 0% used [0x00000000de900000,0x00000000de900000,0x00000000df280000)
 ParOldGen       total 87552K, used 8473K [0x0000000081800000, 0x0000000086d80000, 0x00000000d5d80000)
  object space 87552K, 9% used [0x0000000081800000,0x0000000082046468,0x0000000086d80000)
 Metaspace       used 14167K, capacity 14526K, committed 14592K, reserved 1062912K
  class space    used 1657K, capacity 1765K, committed 1792K, reserved 1048576K
}

Deoptimization events (10 events):
Event: 2.788 Thread 0x000000000025f800 Uncommon trap: reason=class_check action=maybe_recompile pc=0x0000000002e7bcf8 method=java.util.regex.Pattern$CharProperty$1.isSatisfiedBy(I)Z @ 5
Event: 2.788 Thread 0x000000000025f800 Uncommon trap: reason=class_check action=maybe_recompile pc=0x0000000002e7bce8 method=java.util.regex.Pattern$7.isSatisfiedBy(I)Z @ 16
Event: 2.788 Thread 0x000000000025f800 Uncommon trap: reason=class_check action=maybe_recompile pc=0x0000000002e7bce8 method=java.util.regex.Pattern$7.isSatisfiedBy(I)Z @ 16
Event: 2.788 Thread 0x000000000025f800 Uncommon trap: reason=class_check action=maybe_recompile pc=0x0000000002e77960 method=java.util.regex.Pattern$CharProperty$1.isSatisfiedBy(I)Z @ 5
Event: 2.788 Thread 0x000000000025f800 Uncommon trap: reason=class_check action=maybe_recompile pc=0x0000000002e77960 method=java.util.regex.Pattern$CharProperty$1.isSatisfiedBy(I)Z @ 5
Event: 2.788 Thread 0x000000000025f800 Uncommon trap: reason=class_check action=maybe_recompile pc=0x0000000002e77960 method=java.util.regex.Pattern$CharProperty$1.isSatisfiedBy(I)Z @ 5
Event: 2.789 Thread 0x000000000025f800 Uncommon trap: reason=bimorphic action=maybe_recompile pc=0x0000000002f84354 method=java.util.regex.Pattern$BmpCharProperty.match(Ljava/util/regex/Matcher;ILjava/lang/CharSequence;)Z @ 16
Event: 2.789 Thread 0x000000000025f800 Uncommon trap: reason=bimorphic action=maybe_recompile pc=0x0000000002f84354 method=java.util.regex.Pattern$BmpCharProperty.match(Ljava/util/regex/Matcher;ILjava/lang/CharSequence;)Z @ 16
Event: 2.789 Thread 0x000000000025f800 Uncommon trap: reason=bimorphic action=maybe_recompile pc=0x0000000002f84354 method=java.util.regex.Pattern$BmpCharProperty.match(Ljava/util/regex/Matcher;ILjava/lang/CharSequence;)Z @ 16
Event: 2.789 Thread 0x000000000025f800 Uncommon trap: reason=bimorphic action=maybe_recompile pc=0x0000000002f84354 method=java.util.regex.Pattern$BmpCharProperty.match(Ljava/util/regex/Matcher;ILjava/lang/CharSequence;)Z @ 16

Internal exceptions (10 events):
Event: 0.554 Thread 0x000000000025f800 Exception <a 'java/lang/NoClassDefFoundError': org/slf4j/LoggerFactory> (0x00000000d60bfe40) thrown at [C:\re\workspace\8-2-build-windows-amd64-cygwin\jdk8u51\3951\hotspot\src\share\vm\classfile\systemDictionary.cpp, line 199]
Event: 0.554 Thread 0x000000000025f800 Exception <a 'java/lang/NoClassDefFoundError'> (0x00000000d60bfe40) thrown at [C:\re\workspace\8-2-build-windows-amd64-cygwin\jdk8u51\3951\hotspot\src\share\vm\oops\instanceKlass.cpp, line 938]
Event: 0.982 Thread 0x000000000025f800 Implicit null exception at 0x0000000002b051c5 to 0x0000000002b05399
Event: 0.982 Thread 0x000000000025f800 Implicit null exception at 0x0000000002a213ef to 0x0000000002a21455
Event: 1.122 Thread 0x000000000025f800 Implicit null exception at 0x0000000002c7f50b to 0x0000000002c80885
Event: 1.341 Thread 0x000000000025f800 Implicit null exception at 0x0000000002abad6b to 0x0000000002abb471
Event: 1.844 Thread 0x000000000025f800 Exception <a 'java/lang/NoClassDefFoundError': org/slf4j/Logger> (0x00000000d8cd9dd0) thrown at [C:\re\workspace\8-2-build-windows-amd64-cygwin\jdk8u51\3951\hotspot\src\share\vm\oops\constantPool.cpp, line 235]
Event: 1.943 Thread 0x000000000025f800 Exception <a 'java/lang/NoClassDefFoundError': org/slf4j/Logger> (0x00000000d972e318) thrown at [C:\re\workspace\8-2-build-windows-amd64-cygwin\jdk8u51\3951\hotspot\src\share\vm\oops\constantPool.cpp, line 235]
Event: 2.088 Thread 0x000000000025f800 Exception <a 'java/lang/NoClassDefFoundError': org/slf4j/Logger> (0x00000000d6a6ee28) thrown at [C:\re\workspace\8-2-build-windows-amd64-cygwin\jdk8u51\3951\hotspot\src\share\vm\oops\constantPool.cpp, line 235]
Event: 2.439 Thread 0x000000000025f800 Exception <a 'java/lang/NoClassDefFoundError': org/slf4j/Logger> (0x00000000d7380368) thrown at [C:\re\workspace\8-2-build-windows-amd64-cygwin\jdk8u51\3951\hotspot\src\share\vm\oops\constantPool.cpp, line 235]

Events (10 events):
Event: 2.789 Thread 0x000000000025f800 Uncommon trap: trap_request=0xffffffc6 fr.pc=0x0000000002f84354
Event: 2.789 Thread 0x000000000025f800 DEOPT PACKING pc=0x0000000002f84354 sp=0x000000000244cda0
Event: 2.789 Thread 0x000000000025f800 DEOPT UNPACKING pc=0x000000000276582a sp=0x000000000244cda0 mode 2
Event: 2.789 Thread 0x000000000025f800 Uncommon trap: trap_request=0xffffffc6 fr.pc=0x0000000002f84354
Event: 2.789 Thread 0x000000000025f800 DEOPT PACKING pc=0x0000000002f84354 sp=0x000000000244cda0
Event: 2.789 Thread 0x000000000025f800 DEOPT UNPACKING pc=0x000000000276582a sp=0x000000000244cda0 mode 2
Event: 2.792 Thread 0x000000000025f800 DEOPT PACKING pc=0x0000000002dba52c sp=0x000000000244c720
Event: 2.792 Thread 0x000000000025f800 DEOPT UNPACKING pc=0x000000000276787f sp=0x000000000244c478 mode 0
Event: 2.798 Executing VM operation: ForceSafepoint
Event: 2.798 Executing VM operation: ForceSafepoint done


Dynamic libraries:
0x000000013f270000 - 0x000000013f2a7000 	C:\Program Files\Java\jdk1.8.0_51\bin\java.exe
0x0000000076e00000 - 0x0000000076faa000 	C:\Windows\SYSTEM32\ntdll.dll
0x0000000076ce0000 - 0x0000000076dff000 	C:\Windows\system32\kernel32.dll
0x000007fefcb90000 - 0x000007fefcbfa000 	C:\Windows\system32\KERNELBASE.dll
0x000007fefd4c0000 - 0x000007fefd59b000 	C:\Windows\system32\ADVAPI32.dll
0x000007fefeff0000 - 0x000007feff08f000 	C:\Windows\system32\msvcrt.dll
0x000007fefd1e0000 - 0x000007fefd1ff000 	C:\Windows\SYSTEM32\sechost.dll
0x000007fefd200000 - 0x000007fefd32d000 	C:\Windows\system32\RPCRT4.dll
0x0000000076be0000 - 0x0000000076cda000 	C:\Windows\system32\USER32.dll
0x000007fefdbe0000 - 0x000007fefdc47000 	C:\Windows\system32\GDI32.dll
0x000007fefed80000 - 0x000007fefed8e000 	C:\Windows\system32\LPK.dll
0x000007fefecb0000 - 0x000007fefed7a000 	C:\Windows\system32\USP10.dll
0x000007fefb3d0000 - 0x000007fefb5c4000 	C:\Windows\WinSxS\amd64_microsoft.windows.common-controls_6595b64144ccf1df_6.0.7601.18837_none_fa3b1e3d17594757\COMCTL32.dll
0x000007feff090000 - 0x000007feff101000 	C:\Windows\system32\SHLWAPI.dll
0x000007fefd5a0000 - 0x000007fefd5ce000 	C:\Windows\system32\IMM32.DLL
0x000007fefd710000 - 0x000007fefd819000 	C:\Windows\system32\MSCTF.dll
0x0000000070030000 - 0x0000000070102000 	C:\Program Files\Java\jdk1.8.0_51\jre\bin\msvcr100.dll
0x0000000062ec0000 - 0x0000000063743000 	C:\Program Files\Java\jdk1.8.0_51\jre\bin\server\jvm.dll
0x000007fef93c0000 - 0x000007fef93c9000 	C:\Windows\system32\WSOCK32.dll
0x000007fefefa0000 - 0x000007fefefed000 	C:\Windows\system32\WS2_32.dll
0x000007fefd1d0000 - 0x000007fefd1d8000 	C:\Windows\system32\NSI.dll
0x000007fefa750000 - 0x000007fefa78b000 	C:\Windows\system32\WINMM.dll
0x000007fefba60000 - 0x000007fefba6c000 	C:\Windows\system32\VERSION.dll
0x0000000076fc0000 - 0x0000000076fc7000 	C:\Windows\system32\PSAPI.DLL
0x00000000706c0000 - 0x00000000706cf000 	C:\Program Files\Java\jdk1.8.0_51\jre\bin\verify.dll
0x0000000070260000 - 0x0000000070289000 	C:\Program Files\Java\jdk1.8.0_51\jre\bin\java.dll
0x0000000070240000 - 0x0000000070256000 	C:\Program Files\Java\jdk1.8.0_51\jre\bin\zip.dll
0x000007fefdc50000 - 0x000007fefe9d9000 	C:\Windows\system32\SHELL32.dll
0x000007fefed90000 - 0x000007fefef93000 	C:\Windows\system32\ole32.dll
0x000007fefcb30000 - 0x000007fefcb3f000 	C:\Windows\system32\profapi.dll
0x000007fefc930000 - 0x000007fefc987000 	C:\Windows\system32\apphelp.dll
0x0000000070220000 - 0x000000007023a000 	C:\Program Files\Java\jdk1.8.0_51\jre\bin\net.dll
0x000007fefc2d0000 - 0x000007fefc325000 	C:\Windows\system32\mswsock.dll
0x000007fefc2c0000 - 0x000007fefc2c7000 	C:\Windows\System32\wship6.dll
0x0000000070200000 - 0x0000000070211000 	C:\Program Files\Java\jdk1.8.0_51\jre\bin\nio.dll
0x000007fefc330000 - 0x000007fefc348000 	C:\Windows\system32\CRYPTSP.dll
0x000007fefc030000 - 0x000007fefc077000 	C:\Windows\system32\rsaenh.dll
0x000007fefce60000 - 0x000007fefce7e000 	C:\Windows\system32\USERENV.dll
0x000007fefc990000 - 0x000007fefc99f000 	C:\Windows\system32\CRYPTBASE.dll
0x000007fefa5c0000 - 0x000007fefa5e7000 	C:\Windows\system32\IPHLPAPI.DLL
0x000007fefa5b0000 - 0x000007fefa5bb000 	C:\Windows\system32\WINNSI.DLL
0x000007fefa3b0000 - 0x000007fefa3c1000 	C:\Windows\system32\dhcpcsvc6.DLL
0x000007fefa330000 - 0x000007fefa348000 	C:\Windows\system32\dhcpcsvc.DLL
0x000007fef8a20000 - 0x000007fef8b45000 	C:\Windows\system32\dbghelp.dll

VM Arguments:
jvm_args: -Dclassworlds.conf=C:\Program Files\NetBeans 8.1\java\maven\bin\m2.conf -Dmaven.home=C:\Program Files\NetBeans 8.1\java\maven 
java_command: org.codehaus.plexus.classworlds.launcher.Launcher -Dnetbeans.deploy=true -Dmaven.ext.class.path=C:\Program Files\NetBeans 8.1\java\maven-nblib\netbeans-eventspy.jar -Dfile.encoding=UTF-8 package
java_class_path (initial): C:\Program Files\NetBeans 8.1\java\maven\boot\plexus-classworlds-2.4.jar
Launcher Type: SUN_STANDARD

Environment Variables:
JAVA_HOME=C:\Program Files\Java\jdk1.8.0_51
CLASSPATH=C:\Program Files (x86)\SAP\SAP Business One DI API\JCO\LIB\sbowrapper.jar;C:\Program Files (x86)\SAP\SAP Business One DI API\JCO\LIB\sboapi.jar;C:\Program Files\SAP\SAP Business One DI API\JCO\LIB\sbowrapper.jar;C:\Program Files\SAP\SAP Business One DI API\JCO\LIB\sboapi.jar
PATH=C:\oraclexe\app\oracle\product\11.2.0\server\bin;;C:\ProgramData\Oracle\Java\javapath;C:\Windows\system32;C:\Windows;C:\Windows\System32\Wbem;C:\Windows\System32\WindowsPowerShell\v1.0\;d:\Program Files (x86)\Microsoft SQL Server\100\Tools\Binn\;d:\Program Files\Microsoft SQL Server\100\Tools\Binn\;d:\Program Files\Microsoft SQL Server\100\DTS\Binn\;d:\Program Files (x86)\Microsoft SQL Server\100\Tools\Binn\VSShell\Common7\IDE\;d:\Program Files (x86)\Microsoft SQL Server\100\DTS\Binn\;C:\Program Files (x86)\SAP\SAP Business One DI API\JCO\LIB\;C:\Program Files (x86)\SAP\SAP Business One DI API\DI API 90;C:\Program Files (x86)\SAP\SAP Business One\;C:\Program Files\Microsoft\Web Platform Installer\;C:\Program Files (x86)\Microsoft ASP.NET\ASP.NET Web Pages\v1.0\;C:\Program Files (x86)\Windows Kits\8.0\Windows Performance Toolkit\;C:\Program Files\Microsoft SQL Server\110\Tools\Binn\;C:\Program Files\nodejs\;C:\Program Files\Git\cmd;C:\Program Files\SAP\SAP Business One DI API\JCO\LIB\;C:\Program Files\SAP\SAP Business One DI API\DI API 90;C:\Program Files\SAP\SAP Business One\
USERNAME=steven.vargas
OS=Windows_NT
PROCESSOR_IDENTIFIER=Intel64 Family 6 Model 58 Stepping 9, GenuineIntel



---------------  S Y S T E M  ---------------

OS: Windows 7 , 64 bit Build 7601 (6.1.7601.23543)

CPU:total 4 (4 cores per cpu, 1 threads per core) family 6 model 58 stepping 9, cmov, cx8, fxsr, mmx, sse, sse2, sse3, ssse3, sse4.1, sse4.2, popcnt, avx, aes, clmul, erms, tsc, tscinvbit, tscinv

Memory: 4k page, physical 8286636k(2650052k free), swap 16571412k(9620668k free)

vm_info: Java HotSpot(TM) 64-Bit Server VM (25.51-b03) for windows-amd64 JRE (1.8.0_51-b16), built on Jun  8 2015 18:03:07 by "java_re" with MS VC++ 10.0 (VS2010)

time: Thu Nov 03 12:49:01 2016
elapsed time: 2 seconds (0d 0h 0m 2s)

