#
# A fatal error has been detected by the Java Runtime Environment:
#
#  EXCEPTION_ACCESS_VIOLATION (0xc0000005) at pc=0x0000000064dec810, pid=2832, tid=3588
#
# JRE version: Java(TM) SE Runtime Environment (8.0_51-b16) (build 1.8.0_51-b16)
# Java VM: Java HotSpot(TM) 64-Bit Server VM (25.51-b03 mixed mode windows-amd64 compressed oops)
# Problematic frame:
# V  [jvm.dll+0x45c810]
#
# Failed to write core dump. Minidumps are not enabled by default on client versions of Windows
#
# If you would like to submit a bug report, please visit:
#   http://bugreport.java.com/bugreport/crash.jsp
#

---------------  T H R E A D  ---------------

Current thread (0x000000005744e800):  JavaThread "C2 CompilerThread1" daemon [_thread_in_native, id=3588, stack(0x0000000059090000,0x0000000059190000)]

siginfo: ExceptionCode=0xc0000005, reading address 0xffffffffffffffff

Registers:
RAX=0x000000005c64ee10, RBX=0x0000000000000058, RCX=0x000100005a449fc0, RDX=0x0000000000000000
RSP=0x000000005918c130, RBP=0xffffffffffffffff, RSI=0x000000005bbf63e0, RDI=0x0000000058946220
R8 =0x00000000ffffffff, R9 =0x0000000000000001, R10=0x0000000000000008, R11=0x0000000000000008
R12=0x000000005918c540, R13=0x0000000000000000, R14=0x0000000000000008, R15=0x0000000000000001
RIP=0x0000000064dec810, EFLAGS=0x0000000000010202

Top of Stack: (sp=0x000000005918c130)
0x000000005918c130:   000000005c99fa80 000000005bc5bc40
0x000000005918c140:   0000000058946220 ffffffffffffffff
0x000000005918c150:   0000005800000014 0000000058946220
0x000000005918c160:   0000000000000030 0000000000000014
0x000000005918c170:   0000000000000000 0000000000000000
0x000000005918c180:   000000005918c250 00000000000003d8
0x000000005918c190:   00000000586c19b8 00000000586c15e0
0x000000005918c1a0:   000000005918c2d0 0000000000000000
0x000000005918c1b0:   000000005918c540 00000000586c15d0
0x000000005918c1c0:   0000000000000000 0000000064def994
0x000000005918c1d0:   000000005918c540 000000005918c201
0x000000005918c1e0:   00000000ffffffff 0000000000000006
0x000000005918c1f0:   0000000000000002 00000000586c15d0
0x000000005918c200:   0000000059f6f7c0 0000000059f75d60
0x000000005918c210:   0000000059f777a8 00000000002f12c0
0x000000005918c220:   0000000000000002 00000000586c0a00 

Instructions: (pc=0x0000000064dec810)
0x0000000064dec7f0:   0f 83 0c 02 00 00 49 c1 e6 03 66 0f 1f 44 00 00
0x0000000064dec800:   48 8b 46 08 49 8b 0c 06 49 8b 84 24 28 01 00 00
0x0000000064dec810:   48 63 51 28 8b 1c 90 85 db 0f 84 c0 01 00 00 45
0x0000000064dec820:   84 c9 74 11 45 3b c7 75 0c 48 8b 06 48 8b ce ff 


Register to memory mapping:

RAX=0x000000005c64ee10 is an unknown value
RBX=0x0000000000000058 is an unknown value
RCX=0x000100005a449fc0 is an unknown value
RDX=0x0000000000000000 is an unknown value
RSP=0x000000005918c130 is pointing into the stack for thread: 0x000000005744e800
RBP=0xffffffffffffffff is an unknown value
RSI=0x000000005bbf63e0 is an unknown value
RDI=0x0000000058946220 is an unknown value
R8 =0x00000000ffffffff is an unallocated location in the heap
R9 =0x0000000000000001 is an unknown value
R10=0x0000000000000008 is an unknown value
R11=0x0000000000000008 is an unknown value
R12=0x000000005918c540 is pointing into the stack for thread: 0x000000005744e800
R13=0x0000000000000000 is an unknown value
R14=0x0000000000000008 is an unknown value
R15=0x0000000000000001 is an unknown value


Stack: [0x0000000059090000,0x0000000059190000],  sp=0x000000005918c130,  free space=1008k
Native frames: (J=compiled Java code, j=interpreted, Vv=VM code, C=native code)
V  [jvm.dll+0x45c810]
V  [jvm.dll+0x45f994]
V  [jvm.dll+0x46a7cb]
V  [jvm.dll+0x46cde2]
V  [jvm.dll+0x4501a2]
V  [jvm.dll+0xa43a2]
V  [jvm.dll+0xa4cdf]
V  [jvm.dll+0x2418a4]
V  [jvm.dll+0x29846a]
C  [msvcr100.dll+0x21d9f]
C  [msvcr100.dll+0x21e3b]
C  [kernel32.dll+0x159cd]
C  [ntdll.dll+0x2a2e1]


Current CompileTask:
C2:   2349 2486   !   4       org.apache.maven.model.Plugin::clone (204 bytes)


---------------  P R O C E S S  ---------------

Java Threads: ( => current thread )
  0x00000000586a3800 JavaThread "Service Thread" daemon [_thread_blocked, id=4288, stack(0x0000000059240000,0x0000000059340000)]
  0x000000005744f800 JavaThread "C1 CompilerThread2" daemon [_thread_blocked, id=3472, stack(0x0000000058de0000,0x0000000058ee0000)]
=>0x000000005744e800 JavaThread "C2 CompilerThread1" daemon [_thread_in_native, id=3588, stack(0x0000000059090000,0x0000000059190000)]
  0x000000005744c800 JavaThread "C2 CompilerThread0" daemon [_thread_in_native, id=4316, stack(0x0000000058f60000,0x0000000059060000)]
  0x0000000057449800 JavaThread "Attach Listener" daemon [_thread_blocked, id=4952, stack(0x0000000058c80000,0x0000000058d80000)]
  0x0000000057448000 JavaThread "Signal Dispatcher" daemon [_thread_blocked, id=3164, stack(0x0000000058ab0000,0x0000000058bb0000)]
  0x00000000573e7000 JavaThread "Finalizer" daemon [_thread_blocked, id=4928, stack(0x00000000585a0000,0x00000000586a0000)]
  0x00000000573e6000 JavaThread "Reference Handler" daemon [_thread_blocked, id=3324, stack(0x0000000058370000,0x0000000058470000)]
  0x000000000016f800 JavaThread "main" [_thread_in_Java, id=4040, stack(0x0000000002440000,0x0000000002540000)]

Other Threads:
  0x00000000573e0800 VMThread [stack: 0x0000000058490000,0x0000000058590000] [id=4836]
  0x00000000586d5800 WatcherThread [stack: 0x0000000059500000,0x0000000059600000] [id=4320]

VM state:not at safepoint (normal execution)

VM Mutex/Monitor currently owned by a thread: None

Heap:
 PSYoungGen      total 71680K, used 67193K [0x00000000d5c00000, 0x00000000da700000, 0x0000000100000000)
  eden space 66560K, 93% used [0x00000000d5c00000,0x00000000d98a67c0,0x00000000d9d00000)
  from space 5120K, 99% used [0x00000000da200000,0x00000000da6f8020,0x00000000da700000)
  to   space 5120K, 0% used [0x00000000d9d00000,0x00000000d9d00000,0x00000000da200000)
 ParOldGen       total 87552K, used 4498K [0x0000000081400000, 0x0000000086980000, 0x00000000d5c00000)
  object space 87552K, 5% used [0x0000000081400000,0x0000000081864930,0x0000000086980000)
 Metaspace       used 14112K, capacity 14470K, committed 14592K, reserved 1062912K
  class space    used 1657K, capacity 1765K, committed 1792K, reserved 1048576K

Card table byte_map: [0x0000000011bd0000,0x0000000011fd0000] byte_map_base: 0x00000000117c6000

Marking Bits: (ParMarkBitMap*) 0x0000000065194040
 Begin Bits: [0x00000000126f0000, 0x00000000146a0000)
 End Bits:   [0x00000000146a0000, 0x0000000016650000)

Polling page: 0x0000000000130000

CodeCache: size=245760Kb used=8680Kb max_used=8704Kb free=237079Kb
 bounds [0x0000000002810000, 0x00000000030a0000, 0x0000000011810000]
 total_blobs=3107 nmethods=2783 adapters=236
 compilation: enabled

Compilation events (10 events):
Event: 2.335 Thread 0x000000005744f800 nmethod 2786 0x0000000003080a10 code [0x0000000003080b80, 0x0000000003080d58]
Event: 2.335 Thread 0x000000005744f800 2787       2       org.sonatype.aether.util.version.GenericVersionScheme::<init> (5 bytes)
Event: 2.335 Thread 0x000000005744f800 nmethod 2787 0x0000000003080e10 code [0x0000000003080f60, 0x00000000030810b0]
Event: 2.335 Thread 0x000000005744f800 2788       2       org.sonatype.aether.util.version.GenericVersionScheme::parseVersionConstraint (244 bytes)
Event: 2.336 Thread 0x000000005744f800 nmethod 2788 0x0000000003081150 code [0x0000000003081460, 0x0000000003082178]
Event: 2.337 Thread 0x000000005744f800 2789  s    2       java.lang.StringBuffer::subSequence (7 bytes)
Event: 2.337 Thread 0x000000005744f800 nmethod 2789 0x0000000003082e50 code [0x0000000003082fc0, 0x0000000003083288]
Event: 2.339 Thread 0x000000005744f800 2790       2       org.sonatype.aether.impl.internal.GraphNode::setAliases (29 bytes)
Event: 2.339 Thread 0x000000005744f800 nmethod 2790 0x0000000003083350 code [0x00000000030834c0, 0x00000000030836a8]
Event: 2.339 Thread 0x000000005744f800 2791   !   2       org.apache.maven.repository.internal.DefaultVersionRangeResolver::resolveVersionRange (235 bytes)

GC Heap History (8 events):
Event: 0.731 GC heap before
{Heap before GC invocations=1 (full 0):
 PSYoungGen      total 38400K, used 33280K [0x00000000d5c00000, 0x00000000d8680000, 0x0000000100000000)
  eden space 33280K, 100% used [0x00000000d5c00000,0x00000000d7c80000,0x00000000d7c80000)
  from space 5120K, 0% used [0x00000000d8180000,0x00000000d8180000,0x00000000d8680000)
  to   space 5120K, 0% used [0x00000000d7c80000,0x00000000d7c80000,0x00000000d8180000)
 ParOldGen       total 87552K, used 0K [0x0000000081400000, 0x0000000086980000, 0x00000000d5c00000)
  object space 87552K, 0% used [0x0000000081400000,0x0000000081400000,0x0000000086980000)
 Metaspace       used 7647K, capacity 7854K, committed 7936K, reserved 1056768K
  class space    used 957K, capacity 1021K, committed 1024K, reserved 1048576K
Event: 0.736 GC heap after
Heap after GC invocations=1 (full 0):
 PSYoungGen      total 38400K, used 4505K [0x00000000d5c00000, 0x00000000d8680000, 0x0000000100000000)
  eden space 33280K, 0% used [0x00000000d5c00000,0x00000000d5c00000,0x00000000d7c80000)
  from space 5120K, 87% used [0x00000000d7c80000,0x00000000d80e6488,0x00000000d8180000)
  to   space 5120K, 0% used [0x00000000d8180000,0x00000000d8180000,0x00000000d8680000)
 ParOldGen       total 87552K, used 8K [0x0000000081400000, 0x0000000086980000, 0x00000000d5c00000)
  object space 87552K, 0% used [0x0000000081400000,0x0000000081402000,0x0000000086980000)
 Metaspace       used 7647K, capacity 7854K, committed 7936K, reserved 1056768K
  class space    used 957K, capacity 1021K, committed 1024K, reserved 1048576K
}
Event: 1.342 GC heap before
{Heap before GC invocations=2 (full 0):
 PSYoungGen      total 38400K, used 37785K [0x00000000d5c00000, 0x00000000d8680000, 0x0000000100000000)
  eden space 33280K, 100% used [0x00000000d5c00000,0x00000000d7c80000,0x00000000d7c80000)
  from space 5120K, 87% used [0x00000000d7c80000,0x00000000d80e6488,0x00000000d8180000)
  to   space 5120K, 0% used [0x00000000d8180000,0x00000000d8180000,0x00000000d8680000)
 ParOldGen       total 87552K, used 8K [0x0000000081400000, 0x0000000086980000, 0x00000000d5c00000)
  object space 87552K, 0% used [0x0000000081400000,0x0000000081402000,0x0000000086980000)
 Metaspace       used 12123K, capacity 12378K, committed 12672K, reserved 1060864K
  class space    used 1489K, capacity 1547K, committed 1664K, reserved 1048576K
Event: 1.349 GC heap after
Heap after GC invocations=2 (full 0):
 PSYoungGen      total 38400K, used 5100K [0x00000000d5c00000, 0x00000000d8680000, 0x0000000100000000)
  eden space 33280K, 0% used [0x00000000d5c00000,0x00000000d5c00000,0x00000000d7c80000)
  from space 5120K, 99% used [0x00000000d8180000,0x00000000d867b3e0,0x00000000d8680000)
  to   space 5120K, 0% used [0x00000000d7c80000,0x00000000d7c80000,0x00000000d8180000)
 ParOldGen       total 87552K, used 2002K [0x0000000081400000, 0x0000000086980000, 0x00000000d5c00000)
  object space 87552K, 2% used [0x0000000081400000,0x00000000815f48e0,0x0000000086980000)
 Metaspace       used 12123K, capacity 12378K, committed 12672K, reserved 1060864K
  class space    used 1489K, capacity 1547K, committed 1664K, reserved 1048576K
}
Event: 1.633 GC heap before
{Heap before GC invocations=3 (full 0):
 PSYoungGen      total 38400K, used 38380K [0x00000000d5c00000, 0x00000000d8680000, 0x0000000100000000)
  eden space 33280K, 100% used [0x00000000d5c00000,0x00000000d7c80000,0x00000000d7c80000)
  from space 5120K, 99% used [0x00000000d8180000,0x00000000d867b3e0,0x00000000d8680000)
  to   space 5120K, 0% used [0x00000000d7c80000,0x00000000d7c80000,0x00000000d8180000)
 ParOldGen       total 87552K, used 2002K [0x0000000081400000, 0x0000000086980000, 0x00000000d5c00000)
  object space 87552K, 2% used [0x0000000081400000,0x00000000815f48e0,0x0000000086980000)
 Metaspace       used 12569K, capacity 12918K, committed 13184K, reserved 1060864K
  class space    used 1515K, capacity 1589K, committed 1664K, reserved 1048576K
Event: 1.640 GC heap after
Heap after GC invocations=3 (full 0):
 PSYoungGen      total 38400K, used 5104K [0x00000000d5c00000, 0x00000000da700000, 0x0000000100000000)
  eden space 33280K, 0% used [0x00000000d5c00000,0x00000000d5c00000,0x00000000d7c80000)
  from space 5120K, 99% used [0x00000000d7c80000,0x00000000d817c010,0x00000000d8180000)
  to   space 5120K, 0% used [0x00000000da200000,0x00000000da200000,0x00000000da700000)
 ParOldGen       total 87552K, used 3004K [0x0000000081400000, 0x0000000086980000, 0x00000000d5c00000)
  object space 87552K, 3% used [0x0000000081400000,0x00000000816ef1a8,0x0000000086980000)
 Metaspace       used 12569K, capacity 12918K, committed 13184K, reserved 1060864K
  class space    used 1515K, capacity 1589K, committed 1664K, reserved 1048576K
}
Event: 1.857 GC heap before
{Heap before GC invocations=4 (full 0):
 PSYoungGen      total 38400K, used 38384K [0x00000000d5c00000, 0x00000000da700000, 0x0000000100000000)
  eden space 33280K, 100% used [0x00000000d5c00000,0x00000000d7c80000,0x00000000d7c80000)
  from space 5120K, 99% used [0x00000000d7c80000,0x00000000d817c010,0x00000000d8180000)
  to   space 5120K, 0% used [0x00000000da200000,0x00000000da200000,0x00000000da700000)
 ParOldGen       total 87552K, used 3004K [0x0000000081400000, 0x0000000086980000, 0x00000000d5c00000)
  object space 87552K, 3% used [0x0000000081400000,0x00000000816ef1a8,0x0000000086980000)
 Metaspace       used 12936K, capacity 13238K, committed 13440K, reserved 1060864K
  class space    used 1535K, capacity 1589K, committed 1664K, reserved 1048576K
Event: 1.875 GC heap after
Heap after GC invocations=4 (full 0):
 PSYoungGen      total 71680K, used 5088K [0x00000000d5c00000, 0x00000000da700000, 0x0000000100000000)
  eden space 66560K, 0% used [0x00000000d5c00000,0x00000000d5c00000,0x00000000d9d00000)
  from space 5120K, 99% used [0x00000000da200000,0x00000000da6f8020,0x00000000da700000)
  to   space 5120K, 0% used [0x00000000d9d00000,0x00000000d9d00000,0x00000000da200000)
 ParOldGen       total 87552K, used 4498K [0x0000000081400000, 0x0000000086980000, 0x00000000d5c00000)
  object space 87552K, 5% used [0x0000000081400000,0x0000000081864930,0x0000000086980000)
 Metaspace       used 12936K, capacity 13238K, committed 13440K, reserved 1060864K
  class space    used 1535K, capacity 1589K, committed 1664K, reserved 1048576K
}

Deoptimization events (10 events):
Event: 1.529 Thread 0x000000000016f800 Uncommon trap: reason=bimorphic action=maybe_recompile pc=0x0000000002d2ee68 method=java.util.concurrent.ConcurrentHashMap.get(Ljava/lang/Object;)Ljava/lang/Object; @ 149
Event: 1.581 Thread 0x000000000016f800 Uncommon trap: reason=unstable_if action=reinterpret pc=0x0000000002d2ee2c method=java.util.concurrent.ConcurrentHashMap.get(Ljava/lang/Object;)Ljava/lang/Object; @ 127
Event: 1.585 Thread 0x000000000016f800 Uncommon trap: reason=unstable_if action=reinterpret pc=0x0000000002d19c60 method=org.codehaus.plexus.util.xml.pull.MXParser.nextImpl()I @ 280
Event: 1.660 Thread 0x000000000016f800 Uncommon trap: reason=unstable_if action=reinterpret pc=0x0000000002bc5d4c method=java.util.HashMap.hash(Ljava/lang/Object;)I @ 1
Event: 2.054 Thread 0x000000000016f800 Uncommon trap: reason=class_check action=maybe_recompile pc=0x0000000002f10c18 method=org.apache.maven.model.interpolation.StringSearchModelInterpolator$InterpolateObjectAction.interpolateMapField(Ljava/lang/Object;Ljava/lang/reflect/Field;)V @ 126
Event: 2.057 Thread 0x000000000016f800 Uncommon trap: reason=class_check action=maybe_recompile pc=0x0000000002f10c18 method=org.apache.maven.model.interpolation.StringSearchModelInterpolator$InterpolateObjectAction.interpolateMapField(Ljava/lang/Object;Ljava/lang/reflect/Field;)V @ 126
Event: 2.057 Thread 0x000000000016f800 Uncommon trap: reason=class_check action=maybe_recompile pc=0x0000000002f10c18 method=org.apache.maven.model.interpolation.StringSearchModelInterpolator$InterpolateObjectAction.interpolateMapField(Ljava/lang/Object;Ljava/lang/reflect/Field;)V @ 126
Event: 2.057 Thread 0x000000000016f800 Uncommon trap: reason=class_check action=maybe_recompile pc=0x0000000002f10c18 method=org.apache.maven.model.interpolation.StringSearchModelInterpolator$InterpolateObjectAction.interpolateMapField(Ljava/lang/Object;Ljava/lang/reflect/Field;)V @ 126
Event: 2.059 Thread 0x000000000016f800 Uncommon trap: reason=unstable_if action=reinterpret pc=0x0000000002f5b578 method=java.util.IdentityHashMap.nextKeyIndex(II)I @ 4
Event: 2.301 Thread 0x000000000016f800 Uncommon trap: reason=unstable_if action=reinterpret pc=0x0000000003061d3c method=org.sonatype.guice.bean.locators.RankedBindings$Itr.hasNext()Z @ 22

Internal exceptions (10 events):
Event: 0.741 Thread 0x000000000016f800 Exception <a 'java/lang/NoClassDefFoundError': org/slf4j/Logger> (0x00000000d5c464f0) thrown at [C:\re\workspace\8-2-build-windows-amd64-cygwin\jdk8u51\3951\hotspot\src\share\vm\classfile\systemDictionary.cpp, line 199]
Event: 0.808 Thread 0x000000000016f800 Exception <a 'java/lang/NoClassDefFoundError': org/slf4j/LoggerFactory> (0x00000000d5f39c40) thrown at [C:\re\workspace\8-2-build-windows-amd64-cygwin\jdk8u51\3951\hotspot\src\share\vm\classfile\systemDictionary.cpp, line 199]
Event: 0.808 Thread 0x000000000016f800 Exception <a 'java/lang/NoClassDefFoundError'> (0x00000000d5f39c40) thrown at [C:\re\workspace\8-2-build-windows-amd64-cygwin\jdk8u51\3951\hotspot\src\share\vm\oops\instanceKlass.cpp, line 938]
Event: 1.126 Thread 0x000000000016f800 Implicit null exception at 0x00000000029dd312 to 0x00000000029dd4d9
Event: 1.338 Thread 0x000000000016f800 Implicit null exception at 0x0000000002b2b205 to 0x0000000002b2b3d9
Event: 1.338 Thread 0x000000000016f800 Implicit null exception at 0x0000000002b9332f to 0x0000000002b93395
Event: 1.459 Thread 0x000000000016f800 Implicit null exception at 0x0000000002d6d58b to 0x0000000002d6e909
Event: 1.660 Thread 0x000000000016f800 Implicit null exception at 0x0000000002bc562b to 0x0000000002bc5d31
Event: 2.149 Thread 0x000000000016f800 Exception <a 'java/lang/NoClassDefFoundError': org/slf4j/Logger> (0x00000000d8a9ab18) thrown at [C:\re\workspace\8-2-build-windows-amd64-cygwin\jdk8u51\3951\hotspot\src\share\vm\oops\constantPool.cpp, line 235]
Event: 2.287 Thread 0x000000000016f800 Exception <a 'java/lang/NoClassDefFoundError': org/slf4j/Logger> (0x00000000d94f7338) thrown at [C:\re\workspace\8-2-build-windows-amd64-cygwin\jdk8u51\3951\hotspot\src\share\vm\oops\constantPool.cpp, line 235]

Events (10 events):
Event: 2.317 loading class org/codehaus/plexus/util/io/InputStreamFacade
Event: 2.317 loading class org/codehaus/plexus/util/io/InputStreamFacade done
Event: 2.319 loading class org/sonatype/plexus/build/incremental/EmptyScanner
Event: 2.319 loading class org/sonatype/plexus/build/incremental/EmptyScanner done
Event: 2.319 loading class org/sonatype/plexus/build/incremental/EmptyScanner
Event: 2.319 loading class org/sonatype/plexus/build/incremental/EmptyScanner done
Event: 2.319 loading class org/apache/maven/artifact/resolver/filter/CumulativeScopeArtifactFilter
Event: 2.319 loading class org/apache/maven/artifact/resolver/filter/CumulativeScopeArtifactFilter done
Event: 2.320 loading class org/apache/maven/artifact/resolver/filter/AbstractScopeArtifactFilter
Event: 2.320 loading class org/apache/maven/artifact/resolver/filter/AbstractScopeArtifactFilter done


Dynamic libraries:
0x000000013f8d0000 - 0x000000013f907000 	C:\Program Files\Java\jdk1.8.0_51\bin\java.exe
0x00000000778e0000 - 0x0000000077a8a000 	C:\Windows\SYSTEM32\ntdll.dll
0x00000000777c0000 - 0x00000000778df000 	C:\Windows\system32\kernel32.dll
0x000007fefd910000 - 0x000007fefd97a000 	C:\Windows\system32\KERNELBASE.dll
0x000007fefdca0000 - 0x000007fefdd7b000 	C:\Windows\system32\ADVAPI32.dll
0x000007fefdd80000 - 0x000007fefde1f000 	C:\Windows\system32\msvcrt.dll
0x000007feff920000 - 0x000007feff93f000 	C:\Windows\SYSTEM32\sechost.dll
0x000007fefec90000 - 0x000007fefedbd000 	C:\Windows\system32\RPCRT4.dll
0x00000000776c0000 - 0x00000000777ba000 	C:\Windows\system32\USER32.dll
0x000007feff180000 - 0x000007feff1e7000 	C:\Windows\system32\GDI32.dll
0x000007feffa50000 - 0x000007feffa5e000 	C:\Windows\system32\LPK.dll
0x000007feff610000 - 0x000007feff6da000 	C:\Windows\system32\USP10.dll
0x000007fefcb30000 - 0x000007fefcd24000 	C:\Windows\WinSxS\amd64_microsoft.windows.common-controls_6595b64144ccf1df_6.0.7601.18837_none_fa3b1e3d17594757\COMCTL32.dll
0x000007feff2b0000 - 0x000007feff321000 	C:\Windows\system32\SHLWAPI.dll
0x000007fefde20000 - 0x000007fefde4e000 	C:\Windows\system32\IMM32.DLL
0x000007feff940000 - 0x000007feffa49000 	C:\Windows\system32\MSCTF.dll
0x0000000067530000 - 0x0000000067602000 	C:\Program Files\Java\jdk1.8.0_51\jre\bin\msvcr100.dll
0x0000000064990000 - 0x0000000065213000 	C:\Program Files\Java\jdk1.8.0_51\jre\bin\server\jvm.dll
0x000007fef9840000 - 0x000007fef9849000 	C:\Windows\system32\WSOCK32.dll
0x000007fefee40000 - 0x000007fefee8d000 	C:\Windows\system32\WS2_32.dll
0x000007fefebe0000 - 0x000007fefebe8000 	C:\Windows\system32\NSI.dll
0x000007fefabb0000 - 0x000007fefabeb000 	C:\Windows\system32\WINMM.dll
0x000007fefc1d0000 - 0x000007fefc1dc000 	C:\Windows\system32\VERSION.dll
0x0000000077aa0000 - 0x0000000077aa7000 	C:\Windows\system32\PSAPI.DLL
0x0000000073350000 - 0x000000007335f000 	C:\Program Files\Java\jdk1.8.0_51\jre\bin\verify.dll
0x0000000068dd0000 - 0x0000000068df9000 	C:\Program Files\Java\jdk1.8.0_51\jre\bin\java.dll
0x0000000068db0000 - 0x0000000068dc6000 	C:\Program Files\Java\jdk1.8.0_51\jre\bin\zip.dll
0x000007fefde50000 - 0x000007fefebd9000 	C:\Windows\system32\SHELL32.dll
0x000007fefef70000 - 0x000007feff173000 	C:\Windows\system32\ole32.dll
0x000007fefd620000 - 0x000007fefd62f000 	C:\Windows\system32\profapi.dll
0x000007fefd450000 - 0x000007fefd4a7000 	C:\Windows\system32\apphelp.dll
0x0000000068d90000 - 0x0000000068daa000 	C:\Program Files\Java\jdk1.8.0_51\jre\bin\net.dll
0x000007fefcd30000 - 0x000007fefcd85000 	C:\Windows\system32\mswsock.dll
0x000007fefcb20000 - 0x000007fefcb27000 	C:\Windows\System32\wship6.dll
0x0000000068d70000 - 0x0000000068d81000 	C:\Program Files\Java\jdk1.8.0_51\jre\bin\nio.dll
0x000007fef9650000 - 0x000007fef9775000 	C:\Windows\system32\dbghelp.dll

VM Arguments:
jvm_args: -Dclassworlds.conf=C:\Program Files\NetBeans 8.1\java\maven\bin\m2.conf -Dmaven.home=C:\Program Files\NetBeans 8.1\java\maven 
java_command: org.codehaus.plexus.classworlds.launcher.Launcher -Dnetbeans.deploy=true -Dmaven.ext.class.path=C:\Program Files\NetBeans 8.1\java\maven-nblib\netbeans-eventspy.jar -Dfile.encoding=UTF-8 package
java_class_path (initial): C:\Program Files\NetBeans 8.1\java\maven\boot\plexus-classworlds-2.4.jar
Launcher Type: SUN_STANDARD

Environment Variables:
JAVA_HOME=C:\Program Files\Java\jdk1.8.0_51
CLASSPATH=C:\Program Files (x86)\SAP\SAP Business One DI API\JCO\LIB\sbowrapper.jar;C:\Program Files (x86)\SAP\SAP Business One DI API\JCO\LIB\sboapi.jar;C:\Program Files\SAP\SAP Business One DI API\JCO\LIB\sbowrapper.jar;C:\Program Files\SAP\SAP Business One DI API\JCO\LIB\sboapi.jar
PATH=C:\oraclexe\app\oracle\product\11.2.0\server\bin;;C:\ProgramData\Oracle\Java\javapath;C:\Windows\system32;C:\Windows;C:\Windows\System32\Wbem;C:\Windows\System32\WindowsPowerShell\v1.0\;d:\Program Files (x86)\Microsoft SQL Server\100\Tools\Binn\;d:\Program Files\Microsoft SQL Server\100\Tools\Binn\;d:\Program Files\Microsoft SQL Server\100\DTS\Binn\;d:\Program Files (x86)\Microsoft SQL Server\100\Tools\Binn\VSShell\Common7\IDE\;d:\Program Files (x86)\Microsoft SQL Server\100\DTS\Binn\;C:\Program Files (x86)\SAP\SAP Business One DI API\JCO\LIB\;C:\Program Files (x86)\SAP\SAP Business One DI API\DI API 90;C:\Program Files (x86)\SAP\SAP Business One\;C:\Program Files\Microsoft\Web Platform Installer\;C:\Program Files (x86)\Microsoft ASP.NET\ASP.NET Web Pages\v1.0\;C:\Program Files (x86)\Windows Kits\8.0\Windows Performance Toolkit\;C:\Program Files\Microsoft SQL Server\110\Tools\Binn\;C:\Program Files\nodejs\;C:\Program Files\Git\cmd;C:\Program Files\SAP\SAP Business One DI API\JCO\LIB\;C:\Program Files\SAP\SAP Business One DI API\DI API 90;C:\Program Files\SAP\SAP Business One\
USERNAME=steven.vargas
OS=Windows_NT
PROCESSOR_IDENTIFIER=Intel64 Family 6 Model 58 Stepping 9, GenuineIntel



---------------  S Y S T E M  ---------------

OS: Windows 7 , 64 bit Build 7601 (6.1.7601.23543)

CPU:total 4 (4 cores per cpu, 1 threads per core) family 6 model 58 stepping 9, cmov, cx8, fxsr, mmx, sse, sse2, sse3, ssse3, sse4.1, sse4.2, popcnt, avx, aes, clmul, erms, tsc, tscinvbit, tscinv

Memory: 4k page, physical 8303020k(3553256k free), swap 16604180k(10999284k free)

vm_info: Java HotSpot(TM) 64-Bit Server VM (25.51-b03) for windows-amd64 JRE (1.8.0_51-b16), built on Jun  8 2015 18:03:07 by "java_re" with MS VC++ 10.0 (VS2010)

time: Tue Nov 08 12:50:52 2016
elapsed time: 2 seconds (0d 0h 0m 2s)

