#
# A fatal error has been detected by the Java Runtime Environment:
#
#  EXCEPTION_ACCESS_VIOLATION (0xc0000005) at pc=0x000000006331e17f, pid=4624, tid=5856
#
# JRE version: Java(TM) SE Runtime Environment (8.0_51-b16) (build 1.8.0_51-b16)
# Java VM: Java HotSpot(TM) 64-Bit Server VM (25.51-b03 mixed mode windows-amd64 compressed oops)
# Problematic frame:
# V  [jvm.dll+0x45e17f]
#
# Failed to write core dump. Minidumps are not enabled by default on client versions of Windows
#
# If you would like to submit a bug report, please visit:
#   http://bugreport.java.com/bugreport/crash.jsp
#

---------------  T H R E A D  ---------------

Current thread (0x0000000058acf800):  JavaThread "C2 CompilerThread1" daemon [_thread_in_native, id=5856, stack(0x0000000059220000,0x0000000059320000)]

siginfo: ExceptionCode=0xc0000005, reading address 0xffffffffffffffff

Registers:
RAX=0x00010000635190e8, RBX=0x000000005dec48c8, RCX=0x000000005aba7388, RDX=0x000000005931c470
RSP=0x000000005931c110, RBP=0x000000005931c500, RSI=0x0000000000000004, RDI=0x000000005aba7388
R8 =0x00000000000001f0, R9 =0x000000005b3f4b10, R10=0x0000000020000000, R11=0x000000005bf1d160
R12=0x000000005bf1d798, R13=0x000000005a66b3f0, R14=0x0000000000000020, R15=0x0000000000000012
RIP=0x000000006331e17f, EFLAGS=0x0000000000010287

Top of Stack: (sp=0x000000005931c110)
0x000000005931c110:   000000005931c500 000000005b3f4958
0x000000005931c120:   000000005b3f57f0 000000005931e880
0x000000005931c130:   000000005b832420 0000000000000007
0x000000005931c140:   000000005c65e670 00000000000003d8
0x000000005931c150:   0000000058a99508 0000000058a99130
0x000000005931c160:   0000000000000000 000000005931c500
0x000000005931c170:   0000000058a99120 000000005931c610
0x000000005931c180:   000000005931c290 000000006331fb15
0x000000005931c190:   000000000000003e 0000000000000002
0x000000005931c1a0:   00000000000001f0 000000005d3a69b8
0x000000005931c1b0:   0000000000000002 0000000058a99120
0x000000005931c1c0:   000000005a86e070 000000005a875440
0x000000005931c1d0:   000000005a876058 00000000000aa630
0x000000005931c1e0:   0000000000000002 0000000058a9b880
0x000000005931c1f0:   0000000058a9b880 0000000058a9b890
0x000000005931c200:   0000000058a9bc68 00000000000003d8 

Instructions: (pc=0x000000006331e17f)
0x000000006331e15f:   00 00 41 be 08 00 00 00 41 3b 75 08 73 0a 49 8b
0x000000006331e16f:   45 10 49 8b 3c 06 eb 02 33 ff 48 8b 07 48 8b cf
0x000000006331e17f:   ff 90 b8 00 00 00 83 f8 ff 0f 84 b0 01 00 00 8b
0x000000006331e18f:   d0 48 8b cf e8 d8 ec 06 00 48 8b 4f 08 8b d0 89 


Register to memory mapping:

RAX=0x00010000635190e8 is an unknown value
RBX=0x000000005dec48c8 is an unknown value
RCX=0x000000005aba7388 is an unknown value
RDX=0x000000005931c470 is pointing into the stack for thread: 0x0000000058acf800
RSP=0x000000005931c110 is pointing into the stack for thread: 0x0000000058acf800
RBP=0x000000005931c500 is pointing into the stack for thread: 0x0000000058acf800
RSI=0x0000000000000004 is an unknown value
RDI=0x000000005aba7388 is an unknown value
R8 =0x00000000000001f0 is an unknown value
R9 =0x000000005b3f4b10 is an unknown value
R10=0x0000000020000000 is an unknown value
R11=0x000000005bf1d160 is an unknown value
R12=0x000000005bf1d798 is an unknown value
R13=0x000000005a66b3f0 is an unknown value
R14=0x0000000000000020 is an unknown value
R15=0x0000000000000012 is an unknown value


Stack: [0x0000000059220000,0x0000000059320000],  sp=0x000000005931c110,  free space=1008k
Native frames: (J=compiled Java code, j=interpreted, Vv=VM code, C=native code)
V  [jvm.dll+0x45e17f]
V  [jvm.dll+0x45fb15]
V  [jvm.dll+0x46a7cb]
V  [jvm.dll+0x46cde2]
V  [jvm.dll+0x4501a2]
V  [jvm.dll+0xa43a2]
V  [jvm.dll+0xa4cdf]
V  [jvm.dll+0x2418a4]
V  [jvm.dll+0x29846a]
C  [msvcr100.dll+0x21d9f]
C  [msvcr100.dll+0x21e3b]
C  [kernel32.dll+0x159cd]
C  [ntdll.dll+0x2a2e1]


Current CompileTask:
C2:   4675 4533   !   4       java.io.BufferedReader::readLine (304 bytes)


---------------  P R O C E S S  ---------------

Java Threads: ( => current thread )
  0x0000000058d5f800 JavaThread "resolver-4" daemon [_thread_blocked, id=5680, stack(0x000000005eff0000,0x000000005f0f0000)]
  0x0000000059e61800 JavaThread "resolver-3" daemon [_thread_blocked, id=5664, stack(0x000000005dc90000,0x000000005dd90000)]
  0x000000005bdbe800 JavaThread "resolver-2" daemon [_thread_blocked, id=4732, stack(0x000000005edf0000,0x000000005eef0000)]
  0x000000005bc8b000 JavaThread "resolver-1" daemon [_thread_blocked, id=5920, stack(0x000000005db20000,0x000000005dc20000)]
  0x0000000058aec000 JavaThread "Service Thread" daemon [_thread_blocked, id=768, stack(0x00000000590d0000,0x00000000591d0000)]
  0x0000000058ad0000 JavaThread "C1 CompilerThread2" daemon [_thread_in_native, id=6136, stack(0x00000000593b0000,0x00000000594b0000)]
=>0x0000000058acf800 JavaThread "C2 CompilerThread1" daemon [_thread_in_native, id=5856, stack(0x0000000059220000,0x0000000059320000)]
  0x00000000575d6000 JavaThread "C2 CompilerThread0" daemon [_thread_in_native, id=5356, stack(0x0000000058840000,0x0000000058940000)]
  0x00000000575d4000 JavaThread "Attach Listener" daemon [_thread_blocked, id=3340, stack(0x0000000058fb0000,0x00000000590b0000)]
  0x00000000575d3000 JavaThread "Signal Dispatcher" daemon [_thread_blocked, id=4320, stack(0x0000000058610000,0x0000000058710000)]
  0x0000000057571800 JavaThread "Finalizer" daemon [_thread_blocked, id=3928, stack(0x0000000058980000,0x0000000058a80000)]
  0x0000000057570800 JavaThread "Reference Handler" daemon [_thread_blocked, id=2184, stack(0x0000000058740000,0x0000000058840000)]
  0x000000000044f800 JavaThread "main" [_thread_in_Java, id=4788, stack(0x0000000002550000,0x0000000002650000)]

Other Threads:
  0x000000005756b000 VMThread [stack: 0x0000000058510000,0x0000000058610000] [id=4644]
  0x0000000058aef000 WatcherThread [stack: 0x0000000058e90000,0x0000000058f90000] [id=5640]

VM state:not at safepoint (normal execution)

VM Mutex/Monitor currently owned by a thread: None

Heap:
 PSYoungGen      total 138240K, used 25107K [0x00000000d5d80000, 0x00000000e8280000, 0x0000000100000000)
  eden space 133120K, 18% used [0x00000000d5d80000,0x00000000d7604dc8,0x00000000ddf80000)
  from space 5120K, 0% used [0x00000000ddf80000,0x00000000ddf80000,0x00000000de480000)
  to   space 16896K, 0% used [0x00000000e7200000,0x00000000e7200000,0x00000000e8280000)
 ParOldGen       total 76800K, used 21830K [0x0000000081800000, 0x0000000086300000, 0x00000000d5d80000)
  object space 76800K, 28% used [0x0000000081800000,0x0000000082d51910,0x0000000086300000)
 Metaspace       used 21596K, capacity 22260K, committed 22400K, reserved 1069056K
  class space    used 2485K, capacity 2657K, committed 2688K, reserved 1048576K

Card table byte_map: [0x0000000011ce0000,0x00000000120e0000] byte_map_base: 0x00000000118d4000

Marking Bits: (ParMarkBitMap*) 0x00000000636c4040
 Begin Bits: [0x00000000128a0000, 0x0000000014840000)
 End Bits:   [0x0000000014840000, 0x00000000167e0000)

Polling page: 0x0000000000430000

CodeCache: size=245760Kb used=12985Kb max_used=15060Kb free=232774Kb
 bounds [0x0000000002920000, 0x00000000037f0000, 0x0000000011920000]
 total_blobs=4234 nmethods=3853 adapters=292
 compilation: enabled

Compilation events (10 events):
Event: 4.661 Thread 0x0000000058ad0000 nmethod 4551 0x0000000002b9f410 code [0x0000000002b9f580, 0x0000000002b9f8c8]
Event: 4.662 Thread 0x0000000058ad0000 4552       3       org.sonatype.aether.impl.internal.DataPool::putNode (13 bytes)
Event: 4.662 Thread 0x0000000058ad0000 nmethod 4552 0x0000000002c2e450 code [0x0000000002c2e5c0, 0x0000000002c2e7e8]
Event: 4.662 Thread 0x0000000058ad0000 4548       3       org.sonatype.aether.util.repository.DefaultAuthenticationSelector::getAuthentication (17 bytes)
Event: 4.663 Thread 0x0000000058ad0000 nmethod 4548 0x00000000033a4210 code [0x00000000033a4380, 0x00000000033a46a8]
Event: 4.663 Thread 0x0000000058ad0000 4549       3       org.sonatype.aether.util.repository.DefaultProxySelector::getProxy (223 bytes)
Event: 4.665 Thread 0x0000000058ad0000 nmethod 4549 0x000000000344be50 code [0x000000000344c280, 0x000000000344e9f8]
Event: 4.665 Thread 0x0000000058ad0000 4557       3       org.sonatype.aether.util.version.GenericVersionScheme::<init> (5 bytes)
Event: 4.665 Thread 0x0000000058ad0000 nmethod 4557 0x0000000002abc150 code [0x0000000002abc2a0, 0x0000000002abc450]
Event: 4.666 Thread 0x0000000058ad0000 4558       3       org.sonatype.aether.util.version.GenericVersionScheme::parseVersionConstraint (244 bytes)

GC Heap History (10 events):
Event: 1.671 GC heap before
{Heap before GC invocations=2 (full 0):
 PSYoungGen      total 38400K, used 37857K [0x00000000d5d80000, 0x00000000da880000, 0x0000000100000000)
  eden space 33280K, 100% used [0x00000000d5d80000,0x00000000d7e00000,0x00000000d7e00000)
  from space 5120K, 89% used [0x00000000d7e00000,0x00000000d8278578,0x00000000d8300000)
  to   space 5120K, 0% used [0x00000000da380000,0x00000000da380000,0x00000000da880000)
 ParOldGen       total 87552K, used 0K [0x0000000081800000, 0x0000000086d80000, 0x00000000d5d80000)
  object space 87552K, 0% used [0x0000000081800000,0x0000000081800000,0x0000000086d80000)
 Metaspace       used 12157K, capacity 12436K, committed 12672K, reserved 1060864K
  class space    used 1489K, capacity 1548K, committed 1664K, reserved 1048576K
Event: 1.680 GC heap after
Heap after GC invocations=2 (full 0):
 PSYoungGen      total 71680K, used 5104K [0x00000000d5d80000, 0x00000000da880000, 0x0000000100000000)
  eden space 66560K, 0% used [0x00000000d5d80000,0x00000000d5d80000,0x00000000d9e80000)
  from space 5120K, 99% used [0x00000000da380000,0x00000000da87c010,0x00000000da880000)
  to   space 5120K, 0% used [0x00000000d9e80000,0x00000000d9e80000,0x00000000da380000)
 ParOldGen       total 87552K, used 3318K [0x0000000081800000, 0x0000000086d80000, 0x00000000d5d80000)
  object space 87552K, 3% used [0x0000000081800000,0x0000000081b3d988,0x0000000086d80000)
 Metaspace       used 12157K, capacity 12436K, committed 12672K, reserved 1060864K
  class space    used 1489K, capacity 1548K, committed 1664K, reserved 1048576K
}
Event: 2.332 GC heap before
{Heap before GC invocations=3 (full 0):
 PSYoungGen      total 71680K, used 71664K [0x00000000d5d80000, 0x00000000da880000, 0x0000000100000000)
  eden space 66560K, 100% used [0x00000000d5d80000,0x00000000d9e80000,0x00000000d9e80000)
  from space 5120K, 99% used [0x00000000da380000,0x00000000da87c010,0x00000000da880000)
  to   space 5120K, 0% used [0x00000000d9e80000,0x00000000d9e80000,0x00000000da380000)
 ParOldGen       total 87552K, used 3318K [0x0000000081800000, 0x0000000086d80000, 0x00000000d5d80000)
  object space 87552K, 3% used [0x0000000081800000,0x0000000081b3d988,0x0000000086d80000)
 Metaspace       used 13191K, capacity 13506K, committed 13696K, reserved 1060864K
  class space    used 1586K, capacity 1661K, committed 1664K, reserved 1048576K
Event: 2.354 GC heap after
Heap after GC invocations=3 (full 0):
 PSYoungGen      total 71680K, used 5104K [0x00000000d5d80000, 0x00000000de980000, 0x0000000100000000)
  eden space 66560K, 0% used [0x00000000d5d80000,0x00000000d5d80000,0x00000000d9e80000)
  from space 5120K, 99% used [0x00000000d9e80000,0x00000000da37c010,0x00000000da380000)
  to   space 5120K, 0% used [0x00000000de480000,0x00000000de480000,0x00000000de980000)
 ParOldGen       total 87552K, used 6926K [0x0000000081800000, 0x0000000086d80000, 0x00000000d5d80000)
  object space 87552K, 7% used [0x0000000081800000,0x0000000081ec39d0,0x0000000086d80000)
 Metaspace       used 13191K, capacity 13506K, committed 13696K, reserved 1060864K
  class space    used 1586K, capacity 1661K, committed 1664K, reserved 1048576K
}
Event: 2.825 GC heap before
{Heap before GC invocations=4 (full 0):
 PSYoungGen      total 71680K, used 71664K [0x00000000d5d80000, 0x00000000de980000, 0x0000000100000000)
  eden space 66560K, 100% used [0x00000000d5d80000,0x00000000d9e80000,0x00000000d9e80000)
  from space 5120K, 99% used [0x00000000d9e80000,0x00000000da37c010,0x00000000da380000)
  to   space 5120K, 0% used [0x00000000de480000,0x00000000de480000,0x00000000de980000)
 ParOldGen       total 87552K, used 6926K [0x0000000081800000, 0x0000000086d80000, 0x00000000d5d80000)
  object space 87552K, 7% used [0x0000000081800000,0x0000000081ec39d0,0x0000000086d80000)
 Metaspace       used 14257K, capacity 14674K, committed 14848K, reserved 1062912K
  class space    used 1670K, capacity 1773K, committed 1792K, reserved 1048576K
Event: 2.846 GC heap after
Heap after GC invocations=4 (full 0):
 PSYoungGen      total 138240K, used 5104K [0x00000000d5d80000, 0x00000000de980000, 0x0000000100000000)
  eden space 133120K, 0% used [0x00000000d5d80000,0x00000000d5d80000,0x00000000ddf80000)
  from space 5120K, 99% used [0x00000000de480000,0x00000000de97c010,0x00000000de980000)
  to   space 5120K, 0% used [0x00000000ddf80000,0x00000000ddf80000,0x00000000de480000)
 ParOldGen       total 87552K, used 10755K [0x0000000081800000, 0x0000000086d80000, 0x00000000d5d80000)
  object space 87552K, 12% used [0x0000000081800000,0x0000000082280fa0,0x0000000086d80000)
 Metaspace       used 14257K, capacity 14674K, committed 14848K, reserved 1062912K
  class space    used 1670K, capacity 1773K, committed 1792K, reserved 1048576K
}
Event: 4.221 GC heap before
{Heap before GC invocations=5 (full 0):
 PSYoungGen      total 138240K, used 116855K [0x00000000d5d80000, 0x00000000de980000, 0x0000000100000000)
  eden space 133120K, 83% used [0x00000000d5d80000,0x00000000dcaa1c08,0x00000000ddf80000)
  from space 5120K, 99% used [0x00000000de480000,0x00000000de97c010,0x00000000de980000)
  to   space 5120K, 0% used [0x00000000ddf80000,0x00000000ddf80000,0x00000000de480000)
 ParOldGen       total 87552K, used 10755K [0x0000000081800000, 0x0000000086d80000, 0x00000000d5d80000)
  object space 87552K, 12% used [0x0000000081800000,0x0000000082280fa0,0x0000000086d80000)
 Metaspace       used 20566K, capacity 21134K, committed 21248K, reserved 1069056K
  class space    used 2372K, capacity 2496K, committed 2560K, reserved 1048576K
Event: 4.240 GC heap after
Heap after GC invocations=5 (full 0):
 PSYoungGen      total 138240K, used 5088K [0x00000000d5d80000, 0x00000000e8280000, 0x0000000100000000)
  eden space 133120K, 0% used [0x00000000d5d80000,0x00000000d5d80000,0x00000000ddf80000)
  from space 5120K, 99% used [0x00000000ddf80000,0x00000000de478020,0x00000000de480000)
  to   space 16896K, 0% used [0x00000000e7200000,0x00000000e7200000,0x00000000e8280000)
 ParOldGen       total 87552K, used 22416K [0x0000000081800000, 0x0000000086d80000, 0x00000000d5d80000)
  object space 87552K, 25% used [0x0000000081800000,0x0000000082de43a8,0x0000000086d80000)
 Metaspace       used 20566K, capacity 21134K, committed 21248K, reserved 1069056K
  class space    used 2372K, capacity 2496K, committed 2560K, reserved 1048576K
}
Event: 4.240 GC heap before
{Heap before GC invocations=6 (full 1):
 PSYoungGen      total 138240K, used 5088K [0x00000000d5d80000, 0x00000000e8280000, 0x0000000100000000)
  eden space 133120K, 0% used [0x00000000d5d80000,0x00000000d5d80000,0x00000000ddf80000)
  from space 5120K, 99% used [0x00000000ddf80000,0x00000000de478020,0x00000000de480000)
  to   space 16896K, 0% used [0x00000000e7200000,0x00000000e7200000,0x00000000e8280000)
 ParOldGen       total 87552K, used 22416K [0x0000000081800000, 0x0000000086d80000, 0x00000000d5d80000)
  object space 87552K, 25% used [0x0000000081800000,0x0000000082de43a8,0x0000000086d80000)
 Metaspace       used 20566K, capacity 21134K, committed 21248K, reserved 1069056K
  class space    used 2372K, capacity 2496K, committed 2560K, reserved 1048576K
Event: 4.310 GC heap after
Heap after GC invocations=6 (full 1):
 PSYoungGen      total 138240K, used 0K [0x00000000d5d80000, 0x00000000e8280000, 0x0000000100000000)
  eden space 133120K, 0% used [0x00000000d5d80000,0x00000000d5d80000,0x00000000ddf80000)
  from space 5120K, 0% used [0x00000000ddf80000,0x00000000ddf80000,0x00000000de480000)
  to   space 16896K, 0% used [0x00000000e7200000,0x00000000e7200000,0x00000000e8280000)
 ParOldGen       total 76800K, used 21830K [0x0000000081800000, 0x0000000086300000, 0x00000000d5d80000)
  object space 76800K, 28% used [0x0000000081800000,0x0000000082d51910,0x0000000086300000)
 Metaspace       used 20566K, capacity 21134K, committed 21248K, reserved 1069056K
  class space    used 2372K, capacity 2496K, committed 2560K, reserved 1048576K
}

Deoptimization events (10 events):
Event: 4.345 Thread 0x000000000044f800 Uncommon trap: reason=unstable_if action=reinterpret pc=0x0000000002a2d944 method=org.apache.maven.model.ConfigurationContainer.setLocation(Ljava/lang/Object;Lorg/apache/maven/model/InputLocation;)V @ 1
Event: 4.384 Thread 0x000000000044f800 Uncommon trap: reason=speculate_class_check action=maybe_recompile pc=0x0000000003008d4c method=java.util.ArrayList.<init>(Ljava/util/Collection;)V @ 36
Event: 4.384 Thread 0x000000000044f800 Uncommon trap: reason=speculate_class_check action=maybe_recompile pc=0x0000000003008d4c method=java.util.ArrayList.<init>(Ljava/util/Collection;)V @ 36
Event: 4.393 Thread 0x000000000044f800 Uncommon trap: reason=class_check action=maybe_recompile pc=0x0000000002f27fc4 method=java.util.AbstractList$Itr.hasNext()Z @ 8
Event: 4.393 Thread 0x000000000044f800 Uncommon trap: reason=class_check action=maybe_recompile pc=0x0000000002f68c34 method=java.util.AbstractList$Itr.next()Ljava/lang/Object; @ 14
Event: 4.449 Thread 0x000000000044f800 Uncommon trap: reason=unstable_if action=reinterpret pc=0x00000000033249d0 method=java.util.StringTokenizer.setMaxDelimCodePoint()V @ 71
Event: 4.638 Thread 0x000000005a277800 Uncommon trap: reason=class_check action=maybe_recompile pc=0x0000000002f63f84 method=java.util.Hashtable.put(Ljava/lang/Object;Ljava/lang/Object;)Ljava/lang/Object; @ 18
Event: 4.638 Thread 0x000000005a277800 Uncommon trap: reason=class_check action=maybe_recompile pc=0x0000000002f63f84 method=java.util.Hashtable.put(Ljava/lang/Object;Ljava/lang/Object;)Ljava/lang/Object; @ 18
Event: 4.638 Thread 0x000000005a277800 Uncommon trap: reason=class_check action=maybe_recompile pc=0x0000000002f63f84 method=java.util.Hashtable.put(Ljava/lang/Object;Ljava/lang/Object;)Ljava/lang/Object; @ 18
Event: 4.638 Thread 0x000000005a277800 Uncommon trap: reason=class_check action=maybe_recompile pc=0x0000000002f63f84 method=java.util.Hashtable.put(Ljava/lang/Object;Ljava/lang/Object;)Ljava/lang/Object; @ 18

Internal exceptions (10 events):
Event: 1.738 Thread 0x000000000044f800 Implicit null exception at 0x0000000002e4018e to 0x0000000002e41425
Event: 2.010 Thread 0x000000000044f800 Implicit null exception at 0x0000000002cf7e2b to 0x0000000002cf8529
Event: 2.058 Thread 0x000000000044f800 Exception <a 'java/lang/NoClassDefFoundError': org/slf4j/Logger> (0x00000000d86a8e08) thrown at [C:\re\workspace\8-2-build-windows-amd64-cygwin\jdk8u51\3951\hotspot\src\share\vm\oops\constantPool.cpp, line 235]
Event: 2.698 Thread 0x000000000044f800 Exception <a 'java/lang/NoClassDefFoundError': org/slf4j/Logger> (0x00000000d91bc0f8) thrown at [C:\re\workspace\8-2-build-windows-amd64-cygwin\jdk8u51\3951\hotspot\src\share\vm\oops\constantPool.cpp, line 235]
Event: 2.779 Thread 0x000000000044f800 Exception <a 'java/lang/NoClassDefFoundError': org/slf4j/Logger> (0x00000000d9a0a748) thrown at [C:\re\workspace\8-2-build-windows-amd64-cygwin\jdk8u51\3951\hotspot\src\share\vm\oops\constantPool.cpp, line 235]
Event: 2.931 Thread 0x000000000044f800 Exception <a 'java/lang/NoClassDefFoundError': org/slf4j/Logger> (0x00000000d6d61440) thrown at [C:\re\workspace\8-2-build-windows-amd64-cygwin\jdk8u51\3951\hotspot\src\share\vm\oops\constantPool.cpp, line 235]
Event: 2.984 Thread 0x000000000044f800 Exception <a 'java/lang/ClassNotFoundException': com/sun/tools/javac/api/JavacTool> (0x00000000d70f87e0) thrown at [C:\re\workspace\8-2-build-windows-amd64-cygwin\jdk8u51\3951\hotspot\src\share\vm\classfile\systemDictionary.cpp, line 210]
Event: 3.416 Thread 0x000000000044f800 Exception <a 'java/io/FileNotFoundException'> (0x00000000d9adf808) thrown at [C:\re\workspace\8-2-build-windows-amd64-cygwin\jdk8u51\3951\hotspot\src\share\vm\prims\jni.cpp, line 709]
Event: 3.418 Thread 0x000000000044f800 Exception <a 'java/io/FileNotFoundException'> (0x00000000d9b13450) thrown at [C:\re\workspace\8-2-build-windows-amd64-cygwin\jdk8u51\3951\hotspot\src\share\vm\prims\jni.cpp, line 709]
Event: 4.208 Thread 0x000000000044f800 Exception <a 'java/lang/NoClassDefFoundError': org/slf4j/Logger> (0x00000000dc8c86b0) thrown at [C:\re\workspace\8-2-build-windows-amd64-cygwin\jdk8u51\3951\hotspot\src\share\vm\oops\constantPool.cpp, line 235]

Events (10 events):
Event: 4.665 Thread 0x0000000058ad0000 flushing nmethod 0x00000000035c61d0
Event: 4.665 Thread 0x0000000058ad0000 flushing nmethod 0x00000000035c7d90
Event: 4.665 Thread 0x0000000058ad0000 flushing nmethod 0x00000000035cd390
Event: 4.665 Thread 0x0000000058ad0000 flushing nmethod 0x00000000035e0690
Event: 4.665 Thread 0x0000000058ad0000 flushing nmethod 0x00000000035ea910
Event: 4.665 Thread 0x0000000058ad0000 flushing nmethod 0x00000000035eba90
Event: 4.665 Thread 0x0000000058ad0000 flushing nmethod 0x00000000035eea10
Event: 4.665 Thread 0x0000000058ad0000 flushing nmethod 0x00000000035f8a90
Event: 4.666 Thread 0x0000000058ad0000 flushing nmethod 0x000000000361d990
Event: 4.666 Thread 0x0000000058ad0000 flushing nmethod 0x000000000363c150


Dynamic libraries:
0x000000013f270000 - 0x000000013f2a7000 	C:\Program Files\Java\jdk1.8.0_51\bin\java.exe
0x0000000076e00000 - 0x0000000076faa000 	C:\Windows\SYSTEM32\ntdll.dll
0x0000000076ce0000 - 0x0000000076dff000 	C:\Windows\system32\kernel32.dll
0x000007fefcb90000 - 0x000007fefcbfa000 	C:\Windows\system32\KERNELBASE.dll
0x000007fefd4c0000 - 0x000007fefd59b000 	C:\Windows\system32\ADVAPI32.dll
0x000007fefeff0000 - 0x000007feff08f000 	C:\Windows\system32\msvcrt.dll
0x000007fefd1e0000 - 0x000007fefd1ff000 	C:\Windows\SYSTEM32\sechost.dll
0x000007fefd200000 - 0x000007fefd32d000 	C:\Windows\system32\RPCRT4.dll
0x0000000076be0000 - 0x0000000076cda000 	C:\Windows\system32\USER32.dll
0x000007fefdbe0000 - 0x000007fefdc47000 	C:\Windows\system32\GDI32.dll
0x000007fefed80000 - 0x000007fefed8e000 	C:\Windows\system32\LPK.dll
0x000007fefecb0000 - 0x000007fefed7a000 	C:\Windows\system32\USP10.dll
0x000007fefb3d0000 - 0x000007fefb5c4000 	C:\Windows\WinSxS\amd64_microsoft.windows.common-controls_6595b64144ccf1df_6.0.7601.18837_none_fa3b1e3d17594757\COMCTL32.dll
0x000007feff090000 - 0x000007feff101000 	C:\Windows\system32\SHLWAPI.dll
0x000007fefd5a0000 - 0x000007fefd5ce000 	C:\Windows\system32\IMM32.DLL
0x000007fefd710000 - 0x000007fefd819000 	C:\Windows\system32\MSCTF.dll
0x0000000070030000 - 0x0000000070102000 	C:\Program Files\Java\jdk1.8.0_51\jre\bin\msvcr100.dll
0x0000000062ec0000 - 0x0000000063743000 	C:\Program Files\Java\jdk1.8.0_51\jre\bin\server\jvm.dll
0x000007fef93c0000 - 0x000007fef93c9000 	C:\Windows\system32\WSOCK32.dll
0x000007fefefa0000 - 0x000007fefefed000 	C:\Windows\system32\WS2_32.dll
0x000007fefd1d0000 - 0x000007fefd1d8000 	C:\Windows\system32\NSI.dll
0x000007fefa750000 - 0x000007fefa78b000 	C:\Windows\system32\WINMM.dll
0x000007fefba60000 - 0x000007fefba6c000 	C:\Windows\system32\VERSION.dll
0x0000000076fc0000 - 0x0000000076fc7000 	C:\Windows\system32\PSAPI.DLL
0x00000000706c0000 - 0x00000000706cf000 	C:\Program Files\Java\jdk1.8.0_51\jre\bin\verify.dll
0x0000000070260000 - 0x0000000070289000 	C:\Program Files\Java\jdk1.8.0_51\jre\bin\java.dll
0x0000000070240000 - 0x0000000070256000 	C:\Program Files\Java\jdk1.8.0_51\jre\bin\zip.dll
0x000007fefdc50000 - 0x000007fefe9d9000 	C:\Windows\system32\SHELL32.dll
0x000007fefed90000 - 0x000007fefef93000 	C:\Windows\system32\ole32.dll
0x000007fefcb30000 - 0x000007fefcb3f000 	C:\Windows\system32\profapi.dll
0x000007fefc930000 - 0x000007fefc987000 	C:\Windows\system32\apphelp.dll
0x0000000070220000 - 0x000000007023a000 	C:\Program Files\Java\jdk1.8.0_51\jre\bin\net.dll
0x000007fefc2d0000 - 0x000007fefc325000 	C:\Windows\system32\mswsock.dll
0x000007fefc2c0000 - 0x000007fefc2c7000 	C:\Windows\System32\wship6.dll
0x0000000070200000 - 0x0000000070211000 	C:\Program Files\Java\jdk1.8.0_51\jre\bin\nio.dll
0x000007fefc330000 - 0x000007fefc348000 	C:\Windows\system32\CRYPTSP.dll
0x000007fefc030000 - 0x000007fefc077000 	C:\Windows\system32\rsaenh.dll
0x000007fefce60000 - 0x000007fefce7e000 	C:\Windows\system32\USERENV.dll
0x000007fefc990000 - 0x000007fefc99f000 	C:\Windows\system32\CRYPTBASE.dll
0x000007fefa5c0000 - 0x000007fefa5e7000 	C:\Windows\system32\IPHLPAPI.DLL
0x000007fefa5b0000 - 0x000007fefa5bb000 	C:\Windows\system32\WINNSI.DLL
0x000007fefa3b0000 - 0x000007fefa3c1000 	C:\Windows\system32\dhcpcsvc6.DLL
0x000007fefa330000 - 0x000007fefa348000 	C:\Windows\system32\dhcpcsvc.DLL
0x000007fef8a20000 - 0x000007fef8b45000 	C:\Windows\system32\dbghelp.dll

VM Arguments:
jvm_args: -Dclassworlds.conf=C:\Program Files\NetBeans 8.1\java\maven\bin\m2.conf -Dmaven.home=C:\Program Files\NetBeans 8.1\java\maven 
java_command: org.codehaus.plexus.classworlds.launcher.Launcher -Dmaven.ext.class.path=C:\Program Files\NetBeans 8.1\java\maven-nblib\netbeans-eventspy.jar -Dfile.encoding=UTF-8 clean install
java_class_path (initial): C:\Program Files\NetBeans 8.1\java\maven\boot\plexus-classworlds-2.4.jar
Launcher Type: SUN_STANDARD

Environment Variables:
JAVA_HOME=C:\Program Files\Java\jdk1.8.0_51
CLASSPATH=C:\Program Files (x86)\SAP\SAP Business One DI API\JCO\LIB\sbowrapper.jar;C:\Program Files (x86)\SAP\SAP Business One DI API\JCO\LIB\sboapi.jar;C:\Program Files\SAP\SAP Business One DI API\JCO\LIB\sbowrapper.jar;C:\Program Files\SAP\SAP Business One DI API\JCO\LIB\sboapi.jar
PATH=C:\oraclexe\app\oracle\product\11.2.0\server\bin;;C:\ProgramData\Oracle\Java\javapath;C:\Windows\system32;C:\Windows;C:\Windows\System32\Wbem;C:\Windows\System32\WindowsPowerShell\v1.0\;d:\Program Files (x86)\Microsoft SQL Server\100\Tools\Binn\;d:\Program Files\Microsoft SQL Server\100\Tools\Binn\;d:\Program Files\Microsoft SQL Server\100\DTS\Binn\;d:\Program Files (x86)\Microsoft SQL Server\100\Tools\Binn\VSShell\Common7\IDE\;d:\Program Files (x86)\Microsoft SQL Server\100\DTS\Binn\;C:\Program Files (x86)\SAP\SAP Business One DI API\JCO\LIB\;C:\Program Files (x86)\SAP\SAP Business One DI API\DI API 90;C:\Program Files (x86)\SAP\SAP Business One\;C:\Program Files\Microsoft\Web Platform Installer\;C:\Program Files (x86)\Microsoft ASP.NET\ASP.NET Web Pages\v1.0\;C:\Program Files (x86)\Windows Kits\8.0\Windows Performance Toolkit\;C:\Program Files\Microsoft SQL Server\110\Tools\Binn\;C:\Program Files\nodejs\;C:\Program Files\Git\cmd;C:\Program Files\SAP\SAP Business One DI API\JCO\LIB\;C:\Program Files\SAP\SAP Business One DI API\DI API 90;C:\Program Files\SAP\SAP Business One\
USERNAME=steven.vargas
OS=Windows_NT
PROCESSOR_IDENTIFIER=Intel64 Family 6 Model 58 Stepping 9, GenuineIntel



---------------  S Y S T E M  ---------------

OS: Windows 7 , 64 bit Build 7601 (6.1.7601.23543)

CPU:total 4 (4 cores per cpu, 1 threads per core) family 6 model 58 stepping 9, cmov, cx8, fxsr, mmx, sse, sse2, sse3, ssse3, sse4.1, sse4.2, popcnt, avx, aes, clmul, erms, tsc, tscinvbit, tscinv

Memory: 4k page, physical 8286636k(2564416k free), swap 16571412k(9438056k free)

vm_info: Java HotSpot(TM) 64-Bit Server VM (25.51-b03) for windows-amd64 JRE (1.8.0_51-b16), built on Jun  8 2015 18:03:07 by "java_re" with MS VC++ 10.0 (VS2010)

time: Thu Nov 03 12:50:47 2016
elapsed time: 4 seconds (0d 0h 0m 4s)

